Determining if the pthread_create exist failed with the following output:
Change Dir: /root/catkin_ws/build/plot_graph/CMakeFiles/CMakeTmp

Run Build Command:"/usr/bin/make" "cmTC_bfd39/fast"
/usr/bin/make -f CMakeFiles/cmTC_bfd39.dir/build.make CMakeFiles/cmTC_bfd39.dir/build
make[1]: Entering directory '/root/catkin_ws/build/plot_graph/CMakeFiles/CMakeTmp'
Building C object CMakeFiles/cmTC_bfd39.dir/CheckSymbolExists.c.o
/usr/bin/cc     -o CMakeFiles/cmTC_bfd39.dir/CheckSymbolExists.c.o   -c /root/catkin_ws/build/plot_graph/CMakeFiles/CMakeTmp/CheckSymbolExists.c
Linking C executable cmTC_bfd39
/usr/bin/cmake -E cmake_link_script CMakeFiles/cmTC_bfd39.dir/link.txt --verbose=1
/usr/bin/cc       CMakeFiles/cmTC_bfd39.dir/CheckSymbolExists.c.o  -o cmTC_bfd39 -rdynamic 
CMakeFiles/cmTC_bfd39.dir/CheckSymbolExists.c.o: In function `main':
CheckSymbolExists.c:(.text+0x16): undefined reference to `pthread_create'
collect2: error: ld returned 1 exit status
CMakeFiles/cmTC_bfd39.dir/build.make:97: recipe for target 'cmTC_bfd39' failed
make[1]: *** [cmTC_bfd39] Error 1
make[1]: Leaving directory '/root/catkin_ws/build/plot_graph/CMakeFiles/CMakeTmp'
Makefile:126: recipe for target 'cmTC_bfd39/fast' failed
make: *** [cmTC_bfd39/fast] Error 2

File /root/catkin_ws/build/plot_graph/CMakeFiles/CMakeTmp/CheckSymbolExists.c:
/* */
#include <pthread.h>

int main(int argc, char** argv)
{
  (void)argv;
#ifndef pthread_create
  return ((int*)(&pthread_create))[argc];
#else
  (void)argc;
  return 0;
#endif
}

Determining if the function pthread_create exists in the pthreads failed with the following output:
Change Dir: /root/catkin_ws/build/plot_graph/CMakeFiles/CMakeTmp

Run Build Command:"/usr/bin/make" "cmTC_71b1c/fast"
/usr/bin/make -f CMakeFiles/cmTC_71b1c.dir/build.make CMakeFiles/cmTC_71b1c.dir/build
make[1]: Entering directory '/root/catkin_ws/build/plot_graph/CMakeFiles/CMakeTmp'
Building C object CMakeFiles/cmTC_71b1c.dir/CheckFunctionExists.c.o
/usr/bin/cc    -DCHECK_FUNCTION_EXISTS=pthread_create   -o CMakeFiles/cmTC_71b1c.dir/CheckFunctionExists.c.o   -c /usr/share/cmake-3.5/Modules/CheckFunctionExists.c
Linking C executable cmTC_71b1c
/usr/bin/cmake -E cmake_link_script CMakeFiles/cmTC_71b1c.dir/link.txt --verbose=1
/usr/bin/cc   -DCHECK_FUNCTION_EXISTS=pthread_create    CMakeFiles/cmTC_71b1c.dir/CheckFunctionExists.c.o  -o cmTC_71b1c -rdynamic -lpthreads 
/usr/bin/ld: cannot find -lpthreads
collect2: error: ld returned 1 exit status
CMakeFiles/cmTC_71b1c.dir/build.make:97: recipe for target 'cmTC_71b1c' failed
make[1]: *** [cmTC_71b1c] Error 1
make[1]: Leaving directory '/root/catkin_ws/build/plot_graph/CMakeFiles/CMakeTmp'
Makefile:126: recipe for target 'cmTC_71b1c/fast' failed
make: *** [cmTC_71b1c/fast] Error 2


