Determining if the pthread_create exist failed with the following output:
Change Dir: /root/catkin_ws/build/geometry_msgs/CMakeFiles/CMakeTmp

Run Build Command:"/usr/bin/make" "cmTC_f099b/fast"
/usr/bin/make -f CMakeFiles/cmTC_f099b.dir/build.make CMakeFiles/cmTC_f099b.dir/build
make[1]: Entering directory '/root/catkin_ws/build/geometry_msgs/CMakeFiles/CMakeTmp'
Building C object CMakeFiles/cmTC_f099b.dir/CheckSymbolExists.c.o
/usr/bin/cc     -o CMakeFiles/cmTC_f099b.dir/CheckSymbolExists.c.o   -c /root/catkin_ws/build/geometry_msgs/CMakeFiles/CMakeTmp/CheckSymbolExists.c
Linking C executable cmTC_f099b
/usr/bin/cmake -E cmake_link_script CMakeFiles/cmTC_f099b.dir/link.txt --verbose=1
/usr/bin/cc       CMakeFiles/cmTC_f099b.dir/CheckSymbolExists.c.o  -o cmTC_f099b -rdynamic 
CMakeFiles/cmTC_f099b.dir/CheckSymbolExists.c.o: In function `main':
CheckSymbolExists.c:(.text+0x16): undefined reference to `pthread_create'
collect2: error: ld returned 1 exit status
CMakeFiles/cmTC_f099b.dir/build.make:97: recipe for target 'cmTC_f099b' failed
make[1]: *** [cmTC_f099b] Error 1
make[1]: Leaving directory '/root/catkin_ws/build/geometry_msgs/CMakeFiles/CMakeTmp'
Makefile:126: recipe for target 'cmTC_f099b/fast' failed
make: *** [cmTC_f099b/fast] Error 2

File /root/catkin_ws/build/geometry_msgs/CMakeFiles/CMakeTmp/CheckSymbolExists.c:
/* */
#include <pthread.h>

int main(int argc, char** argv)
{
  (void)argv;
#ifndef pthread_create
  return ((int*)(&pthread_create))[argc];
#else
  (void)argc;
  return 0;
#endif
}

Determining if the function pthread_create exists in the pthreads failed with the following output:
Change Dir: /root/catkin_ws/build/geometry_msgs/CMakeFiles/CMakeTmp

Run Build Command:"/usr/bin/make" "cmTC_ba91f/fast"
/usr/bin/make -f CMakeFiles/cmTC_ba91f.dir/build.make CMakeFiles/cmTC_ba91f.dir/build
make[1]: Entering directory '/root/catkin_ws/build/geometry_msgs/CMakeFiles/CMakeTmp'
Building C object CMakeFiles/cmTC_ba91f.dir/CheckFunctionExists.c.o
/usr/bin/cc    -DCHECK_FUNCTION_EXISTS=pthread_create   -o CMakeFiles/cmTC_ba91f.dir/CheckFunctionExists.c.o   -c /usr/share/cmake-3.5/Modules/CheckFunctionExists.c
Linking C executable cmTC_ba91f
/usr/bin/cmake -E cmake_link_script CMakeFiles/cmTC_ba91f.dir/link.txt --verbose=1
/usr/bin/cc   -DCHECK_FUNCTION_EXISTS=pthread_create    CMakeFiles/cmTC_ba91f.dir/CheckFunctionExists.c.o  -o cmTC_ba91f -rdynamic -lpthreads 
/usr/bin/ld: cannot find -lpthreads
collect2: error: ld returned 1 exit status
CMakeFiles/cmTC_ba91f.dir/build.make:97: recipe for target 'cmTC_ba91f' failed
make[1]: *** [cmTC_ba91f] Error 1
make[1]: Leaving directory '/root/catkin_ws/build/geometry_msgs/CMakeFiles/CMakeTmp'
Makefile:126: recipe for target 'cmTC_ba91f/fast' failed
make: *** [cmTC_ba91f/fast] Error 2


