Determining if the pthread_create exist failed with the following output:
Change Dir: /root/catkin_ws/build/visualization_msgs/CMakeFiles/CMakeTmp

Run Build Command:"/usr/bin/make" "cmTC_ac788/fast"
/usr/bin/make -f CMakeFiles/cmTC_ac788.dir/build.make CMakeFiles/cmTC_ac788.dir/build
make[1]: Entering directory '/root/catkin_ws/build/visualization_msgs/CMakeFiles/CMakeTmp'
Building C object CMakeFiles/cmTC_ac788.dir/CheckSymbolExists.c.o
/usr/bin/cc     -o CMakeFiles/cmTC_ac788.dir/CheckSymbolExists.c.o   -c /root/catkin_ws/build/visualization_msgs/CMakeFiles/CMakeTmp/CheckSymbolExists.c
Linking C executable cmTC_ac788
/usr/bin/cmake -E cmake_link_script CMakeFiles/cmTC_ac788.dir/link.txt --verbose=1
/usr/bin/cc       CMakeFiles/cmTC_ac788.dir/CheckSymbolExists.c.o  -o cmTC_ac788 -rdynamic 
CMakeFiles/cmTC_ac788.dir/CheckSymbolExists.c.o: In function `main':
CheckSymbolExists.c:(.text+0x16): undefined reference to `pthread_create'
collect2: error: ld returned 1 exit status
CMakeFiles/cmTC_ac788.dir/build.make:97: recipe for target 'cmTC_ac788' failed
make[1]: *** [cmTC_ac788] Error 1
make[1]: Leaving directory '/root/catkin_ws/build/visualization_msgs/CMakeFiles/CMakeTmp'
Makefile:126: recipe for target 'cmTC_ac788/fast' failed
make: *** [cmTC_ac788/fast] Error 2

File /root/catkin_ws/build/visualization_msgs/CMakeFiles/CMakeTmp/CheckSymbolExists.c:
/* */
#include <pthread.h>

int main(int argc, char** argv)
{
  (void)argv;
#ifndef pthread_create
  return ((int*)(&pthread_create))[argc];
#else
  (void)argc;
  return 0;
#endif
}

Determining if the function pthread_create exists in the pthreads failed with the following output:
Change Dir: /root/catkin_ws/build/visualization_msgs/CMakeFiles/CMakeTmp

Run Build Command:"/usr/bin/make" "cmTC_ef079/fast"
/usr/bin/make -f CMakeFiles/cmTC_ef079.dir/build.make CMakeFiles/cmTC_ef079.dir/build
make[1]: Entering directory '/root/catkin_ws/build/visualization_msgs/CMakeFiles/CMakeTmp'
Building C object CMakeFiles/cmTC_ef079.dir/CheckFunctionExists.c.o
/usr/bin/cc    -DCHECK_FUNCTION_EXISTS=pthread_create   -o CMakeFiles/cmTC_ef079.dir/CheckFunctionExists.c.o   -c /usr/share/cmake-3.5/Modules/CheckFunctionExists.c
Linking C executable cmTC_ef079
/usr/bin/cmake -E cmake_link_script CMakeFiles/cmTC_ef079.dir/link.txt --verbose=1
/usr/bin/cc   -DCHECK_FUNCTION_EXISTS=pthread_create    CMakeFiles/cmTC_ef079.dir/CheckFunctionExists.c.o  -o cmTC_ef079 -rdynamic -lpthreads 
/usr/bin/ld: cannot find -lpthreads
collect2: error: ld returned 1 exit status
CMakeFiles/cmTC_ef079.dir/build.make:97: recipe for target 'cmTC_ef079' failed
make[1]: *** [cmTC_ef079] Error 1
make[1]: Leaving directory '/root/catkin_ws/build/visualization_msgs/CMakeFiles/CMakeTmp'
Makefile:126: recipe for target 'cmTC_ef079/fast' failed
make: *** [cmTC_ef079/fast] Error 2


