Determining if the pthread_create exist failed with the following output:
Change Dir: /root/catkin_ws/build/swiftpro/CMakeFiles/CMakeTmp

Run Build Command:"/usr/bin/make" "cmTC_2bbff/fast"
/usr/bin/make -f CMakeFiles/cmTC_2bbff.dir/build.make CMakeFiles/cmTC_2bbff.dir/build
make[1]: Entering directory '/root/catkin_ws/build/swiftpro/CMakeFiles/CMakeTmp'
Building C object CMakeFiles/cmTC_2bbff.dir/CheckSymbolExists.c.o
/usr/bin/cc     -o CMakeFiles/cmTC_2bbff.dir/CheckSymbolExists.c.o   -c /root/catkin_ws/build/swiftpro/CMakeFiles/CMakeTmp/CheckSymbolExists.c
Linking C executable cmTC_2bbff
/usr/bin/cmake -E cmake_link_script CMakeFiles/cmTC_2bbff.dir/link.txt --verbose=1
/usr/bin/cc       CMakeFiles/cmTC_2bbff.dir/CheckSymbolExists.c.o  -o cmTC_2bbff -rdynamic 
CMakeFiles/cmTC_2bbff.dir/CheckSymbolExists.c.o: In function `main':
CheckSymbolExists.c:(.text+0x16): undefined reference to `pthread_create'
collect2: error: ld returned 1 exit status
CMakeFiles/cmTC_2bbff.dir/build.make:97: recipe for target 'cmTC_2bbff' failed
make[1]: *** [cmTC_2bbff] Error 1
make[1]: Leaving directory '/root/catkin_ws/build/swiftpro/CMakeFiles/CMakeTmp'
Makefile:126: recipe for target 'cmTC_2bbff/fast' failed
make: *** [cmTC_2bbff/fast] Error 2

File /root/catkin_ws/build/swiftpro/CMakeFiles/CMakeTmp/CheckSymbolExists.c:
/* */
#include <pthread.h>

int main(int argc, char** argv)
{
  (void)argv;
#ifndef pthread_create
  return ((int*)(&pthread_create))[argc];
#else
  (void)argc;
  return 0;
#endif
}

Determining if the function pthread_create exists in the pthreads failed with the following output:
Change Dir: /root/catkin_ws/build/swiftpro/CMakeFiles/CMakeTmp

Run Build Command:"/usr/bin/make" "cmTC_d064f/fast"
/usr/bin/make -f CMakeFiles/cmTC_d064f.dir/build.make CMakeFiles/cmTC_d064f.dir/build
make[1]: Entering directory '/root/catkin_ws/build/swiftpro/CMakeFiles/CMakeTmp'
Building C object CMakeFiles/cmTC_d064f.dir/CheckFunctionExists.c.o
/usr/bin/cc    -DCHECK_FUNCTION_EXISTS=pthread_create   -o CMakeFiles/cmTC_d064f.dir/CheckFunctionExists.c.o   -c /usr/share/cmake-3.5/Modules/CheckFunctionExists.c
Linking C executable cmTC_d064f
/usr/bin/cmake -E cmake_link_script CMakeFiles/cmTC_d064f.dir/link.txt --verbose=1
/usr/bin/cc   -DCHECK_FUNCTION_EXISTS=pthread_create    CMakeFiles/cmTC_d064f.dir/CheckFunctionExists.c.o  -o cmTC_d064f -rdynamic -lpthreads 
/usr/bin/ld: cannot find -lpthreads
collect2: error: ld returned 1 exit status
CMakeFiles/cmTC_d064f.dir/build.make:97: recipe for target 'cmTC_d064f' failed
make[1]: *** [cmTC_d064f] Error 1
make[1]: Leaving directory '/root/catkin_ws/build/swiftpro/CMakeFiles/CMakeTmp'
Makefile:126: recipe for target 'cmTC_d064f/fast' failed
make: *** [cmTC_d064f/fast] Error 2


