Determining if the pthread_create exist failed with the following output:
Change Dir: /root/catkin_ws/build/asr_cyberglove_visualization/CMakeFiles/CMakeTmp

Run Build Command:"/usr/bin/make" "cmTC_807b6/fast"
/usr/bin/make -f CMakeFiles/cmTC_807b6.dir/build.make CMakeFiles/cmTC_807b6.dir/build
make[1]: Entering directory '/root/catkin_ws/build/asr_cyberglove_visualization/CMakeFiles/CMakeTmp'
Building C object CMakeFiles/cmTC_807b6.dir/CheckSymbolExists.c.o
/usr/bin/cc     -o CMakeFiles/cmTC_807b6.dir/CheckSymbolExists.c.o   -c /root/catkin_ws/build/asr_cyberglove_visualization/CMakeFiles/CMakeTmp/CheckSymbolExists.c
Linking C executable cmTC_807b6
/usr/bin/cmake -E cmake_link_script CMakeFiles/cmTC_807b6.dir/link.txt --verbose=1
/usr/bin/cc       CMakeFiles/cmTC_807b6.dir/CheckSymbolExists.c.o  -o cmTC_807b6 -rdynamic 
CMakeFiles/cmTC_807b6.dir/CheckSymbolExists.c.o: In function `main':
CheckSymbolExists.c:(.text+0x16): undefined reference to `pthread_create'
collect2: error: ld returned 1 exit status
CMakeFiles/cmTC_807b6.dir/build.make:97: recipe for target 'cmTC_807b6' failed
make[1]: *** [cmTC_807b6] Error 1
make[1]: Leaving directory '/root/catkin_ws/build/asr_cyberglove_visualization/CMakeFiles/CMakeTmp'
Makefile:126: recipe for target 'cmTC_807b6/fast' failed
make: *** [cmTC_807b6/fast] Error 2

File /root/catkin_ws/build/asr_cyberglove_visualization/CMakeFiles/CMakeTmp/CheckSymbolExists.c:
/* */
#include <pthread.h>

int main(int argc, char** argv)
{
  (void)argv;
#ifndef pthread_create
  return ((int*)(&pthread_create))[argc];
#else
  (void)argc;
  return 0;
#endif
}

Determining if the function pthread_create exists in the pthreads failed with the following output:
Change Dir: /root/catkin_ws/build/asr_cyberglove_visualization/CMakeFiles/CMakeTmp

Run Build Command:"/usr/bin/make" "cmTC_1177d/fast"
/usr/bin/make -f CMakeFiles/cmTC_1177d.dir/build.make CMakeFiles/cmTC_1177d.dir/build
make[1]: Entering directory '/root/catkin_ws/build/asr_cyberglove_visualization/CMakeFiles/CMakeTmp'
Building C object CMakeFiles/cmTC_1177d.dir/CheckFunctionExists.c.o
/usr/bin/cc    -DCHECK_FUNCTION_EXISTS=pthread_create   -o CMakeFiles/cmTC_1177d.dir/CheckFunctionExists.c.o   -c /usr/share/cmake-3.5/Modules/CheckFunctionExists.c
Linking C executable cmTC_1177d
/usr/bin/cmake -E cmake_link_script CMakeFiles/cmTC_1177d.dir/link.txt --verbose=1
/usr/bin/cc   -DCHECK_FUNCTION_EXISTS=pthread_create    CMakeFiles/cmTC_1177d.dir/CheckFunctionExists.c.o  -o cmTC_1177d -rdynamic -lpthreads 
/usr/bin/ld: cannot find -lpthreads
collect2: error: ld returned 1 exit status
CMakeFiles/cmTC_1177d.dir/build.make:97: recipe for target 'cmTC_1177d' failed
make[1]: *** [cmTC_1177d] Error 1
make[1]: Leaving directory '/root/catkin_ws/build/asr_cyberglove_visualization/CMakeFiles/CMakeTmp'
Makefile:126: recipe for target 'cmTC_1177d/fast' failed
make: *** [cmTC_1177d/fast] Error 2


