Determining if the pthread_create exist failed with the following output:
Change Dir: /root/catkin_ws/build/temperature_controller/CMakeFiles/CMakeTmp

Run Build Command:"/usr/bin/make" "cmTC_95cf4/fast"
/usr/bin/make -f CMakeFiles/cmTC_95cf4.dir/build.make CMakeFiles/cmTC_95cf4.dir/build
make[1]: Entering directory '/root/catkin_ws/build/temperature_controller/CMakeFiles/CMakeTmp'
Building C object CMakeFiles/cmTC_95cf4.dir/CheckSymbolExists.c.o
/usr/bin/cc     -o CMakeFiles/cmTC_95cf4.dir/CheckSymbolExists.c.o   -c /root/catkin_ws/build/temperature_controller/CMakeFiles/CMakeTmp/CheckSymbolExists.c
Linking C executable cmTC_95cf4
/usr/bin/cmake -E cmake_link_script CMakeFiles/cmTC_95cf4.dir/link.txt --verbose=1
/usr/bin/cc       CMakeFiles/cmTC_95cf4.dir/CheckSymbolExists.c.o  -o cmTC_95cf4 -rdynamic 
CMakeFiles/cmTC_95cf4.dir/CheckSymbolExists.c.o: In function `main':
CheckSymbolExists.c:(.text+0x16): undefined reference to `pthread_create'
collect2: error: ld returned 1 exit status
CMakeFiles/cmTC_95cf4.dir/build.make:97: recipe for target 'cmTC_95cf4' failed
make[1]: *** [cmTC_95cf4] Error 1
make[1]: Leaving directory '/root/catkin_ws/build/temperature_controller/CMakeFiles/CMakeTmp'
Makefile:126: recipe for target 'cmTC_95cf4/fast' failed
make: *** [cmTC_95cf4/fast] Error 2

File /root/catkin_ws/build/temperature_controller/CMakeFiles/CMakeTmp/CheckSymbolExists.c:
/* */
#include <pthread.h>

int main(int argc, char** argv)
{
  (void)argv;
#ifndef pthread_create
  return ((int*)(&pthread_create))[argc];
#else
  (void)argc;
  return 0;
#endif
}

Determining if the function pthread_create exists in the pthreads failed with the following output:
Change Dir: /root/catkin_ws/build/temperature_controller/CMakeFiles/CMakeTmp

Run Build Command:"/usr/bin/make" "cmTC_eecfe/fast"
/usr/bin/make -f CMakeFiles/cmTC_eecfe.dir/build.make CMakeFiles/cmTC_eecfe.dir/build
make[1]: Entering directory '/root/catkin_ws/build/temperature_controller/CMakeFiles/CMakeTmp'
Building C object CMakeFiles/cmTC_eecfe.dir/CheckFunctionExists.c.o
/usr/bin/cc    -DCHECK_FUNCTION_EXISTS=pthread_create   -o CMakeFiles/cmTC_eecfe.dir/CheckFunctionExists.c.o   -c /usr/share/cmake-3.5/Modules/CheckFunctionExists.c
Linking C executable cmTC_eecfe
/usr/bin/cmake -E cmake_link_script CMakeFiles/cmTC_eecfe.dir/link.txt --verbose=1
/usr/bin/cc   -DCHECK_FUNCTION_EXISTS=pthread_create    CMakeFiles/cmTC_eecfe.dir/CheckFunctionExists.c.o  -o cmTC_eecfe -rdynamic -lpthreads 
/usr/bin/ld: cannot find -lpthreads
collect2: error: ld returned 1 exit status
CMakeFiles/cmTC_eecfe.dir/build.make:97: recipe for target 'cmTC_eecfe' failed
make[1]: *** [cmTC_eecfe] Error 1
make[1]: Leaving directory '/root/catkin_ws/build/temperature_controller/CMakeFiles/CMakeTmp'
Makefile:126: recipe for target 'cmTC_eecfe/fast' failed
make: *** [cmTC_eecfe/fast] Error 2


