Linked: (/root/catkin_ws/devel/.private/hand_controller/share/roseus/ros/hand_controller/manifest.l, /root/catkin_ws/devel/share/roseus/ros/hand_controller/manifest.l)
Linked: (/root/catkin_ws/devel/.private/hand_controller/share/roseus/ros/hand_controller/msg/Steps.l, /root/catkin_ws/devel/share/roseus/ros/hand_controller/msg/Steps.l)
Linked: (/root/catkin_ws/devel/.private/hand_controller/share/roseus/ros/hand_controller/msg/Angles.l, /root/catkin_ws/devel/share/roseus/ros/hand_controller/msg/Angles.l)
Linked: (/root/catkin_ws/devel/.private/hand_controller/share/roseus/ros/hand_controller/msg/sendDataStamped.l, /root/catkin_ws/devel/share/roseus/ros/hand_controller/msg/sendDataStamped.l)
Linked: (/root/catkin_ws/devel/.private/hand_controller/share/roseus/ros/hand_controller/srv/MotorSteps.l, /root/catkin_ws/devel/share/roseus/ros/hand_controller/srv/MotorSteps.l)
Linked: (/root/catkin_ws/devel/.private/hand_controller/share/roseus/ros/hand_controller/srv/GraspWithForce.l, /root/catkin_ws/devel/share/roseus/ros/hand_controller/srv/GraspWithForce.l)
Linked: (/root/catkin_ws/devel/.private/hand_controller/share/roseus/ros/hand_controller/srv/stopRecording.l, /root/catkin_ws/devel/share/roseus/ros/hand_controller/srv/stopRecording.l)
Linked: (/root/catkin_ws/devel/.private/hand_controller/share/roseus/ros/hand_controller/srv/CashMotion.l, /root/catkin_ws/devel/share/roseus/ros/hand_controller/srv/CashMotion.l)
Linked: (/root/catkin_ws/devel/.private/hand_controller/share/roseus/ros/hand_controller/srv/RubbingMotion.l, /root/catkin_ws/devel/share/roseus/ros/hand_controller/srv/RubbingMotion.l)
Linked: (/root/catkin_ws/devel/.private/hand_controller/share/roseus/ros/hand_controller/srv/getRecordedBuffer.l, /root/catkin_ws/devel/share/roseus/ros/hand_controller/srv/getRecordedBuffer.l)
Linked: (/root/catkin_ws/devel/.private/hand_controller/share/roseus/ros/hand_controller/srv/MotorAngles.l, /root/catkin_ws/devel/share/roseus/ros/hand_controller/srv/MotorAngles.l)
Linked: (/root/catkin_ws/devel/.private/hand_controller/share/roseus/ros/hand_controller/srv/AddTrial.l, /root/catkin_ws/devel/share/roseus/ros/hand_controller/srv/AddTrial.l)
Linked: (/root/catkin_ws/devel/.private/hand_controller/share/roseus/ros/hand_controller/srv/recordFromNow.l, /root/catkin_ws/devel/share/roseus/ros/hand_controller/srv/recordFromNow.l)
Linked: (/root/catkin_ws/devel/.private/hand_controller/share/roseus/ros/hand_controller/srv/cashMotionSet.l, /root/catkin_ws/devel/share/roseus/ros/hand_controller/srv/cashMotionSet.l)
Linked: (/root/catkin_ws/devel/.private/hand_controller/share/roseus/ros/hand_controller/srv/SetMotorSteps.l, /root/catkin_ws/devel/share/roseus/ros/hand_controller/srv/SetMotorSteps.l)
Linked: (/root/catkin_ws/devel/.private/hand_controller/share/roseus/ros/hand_controller/srv/Classify.l, /root/catkin_ws/devel/share/roseus/ros/hand_controller/srv/Classify.l)
Linked: (/root/catkin_ws/devel/.private/hand_controller/share/roseus/ros/hand_controller/srv/checkGrasp.l, /root/catkin_ws/devel/share/roseus/ros/hand_controller/srv/checkGrasp.l)
Linked: (/root/catkin_ws/devel/.private/hand_controller/share/roseus/ros/hand_controller/srv/ClassifyOptoforceData.l, /root/catkin_ws/devel/share/roseus/ros/hand_controller/srv/ClassifyOptoforceData.l)
Linked: (/root/catkin_ws/devel/.private/hand_controller/share/roseus/ros/hand_controller/srv/SetMotorAngles.l, /root/catkin_ws/devel/share/roseus/ros/hand_controller/srv/SetMotorAngles.l)
Linked: (/root/catkin_ws/devel/.private/hand_controller/share/roseus/ros/hand_controller/srv/rubbingWithForce.l, /root/catkin_ws/devel/share/roseus/ros/hand_controller/srv/rubbingWithForce.l)
Linked: (/root/catkin_ws/devel/.private/hand_controller/share/roseus/ros/hand_controller/srv/DemoGetForceDistribution.l, /root/catkin_ws/devel/share/roseus/ros/hand_controller/srv/DemoGetForceDistribution.l)
Linked: (/root/catkin_ws/devel/.private/hand_controller/share/hand_controller/cmake/hand_controllerConfig-version.cmake, /root/catkin_ws/devel/share/hand_controller/cmake/hand_controllerConfig-version.cmake)
Linked: (/root/catkin_ws/devel/.private/hand_controller/share/hand_controller/cmake/hand_controllerConfig.cmake, /root/catkin_ws/devel/share/hand_controller/cmake/hand_controllerConfig.cmake)
Linked: (/root/catkin_ws/devel/.private/hand_controller/share/hand_controller/cmake/hand_controller-msg-paths.cmake, /root/catkin_ws/devel/share/hand_controller/cmake/hand_controller-msg-paths.cmake)
Linked: (/root/catkin_ws/devel/.private/hand_controller/share/hand_controller/cmake/hand_controller-msg-extras.cmake, /root/catkin_ws/devel/share/hand_controller/cmake/hand_controller-msg-extras.cmake)
Linked: (/root/catkin_ws/devel/.private/hand_controller/share/common-lisp/ros/hand_controller/msg/_package_Steps.lisp, /root/catkin_ws/devel/share/common-lisp/ros/hand_controller/msg/_package_Steps.lisp)
Linked: (/root/catkin_ws/devel/.private/hand_controller/share/common-lisp/ros/hand_controller/msg/sendDataStamped.lisp, /root/catkin_ws/devel/share/common-lisp/ros/hand_controller/msg/sendDataStamped.lisp)
Linked: (/root/catkin_ws/devel/.private/hand_controller/share/common-lisp/ros/hand_controller/msg/hand_controller-msg.asd, /root/catkin_ws/devel/share/common-lisp/ros/hand_controller/msg/hand_controller-msg.asd)
Linked: (/root/catkin_ws/devel/.private/hand_controller/share/common-lisp/ros/hand_controller/msg/Angles.lisp, /root/catkin_ws/devel/share/common-lisp/ros/hand_controller/msg/Angles.lisp)
Linked: (/root/catkin_ws/devel/.private/hand_controller/share/common-lisp/ros/hand_controller/msg/_package_sendDataStamped.lisp, /root/catkin_ws/devel/share/common-lisp/ros/hand_controller/msg/_package_sendDataStamped.lisp)
Linked: (/root/catkin_ws/devel/.private/hand_controller/share/common-lisp/ros/hand_controller/msg/Steps.lisp, /root/catkin_ws/devel/share/common-lisp/ros/hand_controller/msg/Steps.lisp)
Linked: (/root/catkin_ws/devel/.private/hand_controller/share/common-lisp/ros/hand_controller/msg/_package_Angles.lisp, /root/catkin_ws/devel/share/common-lisp/ros/hand_controller/msg/_package_Angles.lisp)
Linked: (/root/catkin_ws/devel/.private/hand_controller/share/common-lisp/ros/hand_controller/msg/_package.lisp, /root/catkin_ws/devel/share/common-lisp/ros/hand_controller/msg/_package.lisp)
Linked: (/root/catkin_ws/devel/.private/hand_controller/share/common-lisp/ros/hand_controller/srv/hand_controller-srv.asd, /root/catkin_ws/devel/share/common-lisp/ros/hand_controller/srv/hand_controller-srv.asd)
Linked: (/root/catkin_ws/devel/.private/hand_controller/share/common-lisp/ros/hand_controller/srv/checkGrasp.lisp, /root/catkin_ws/devel/share/common-lisp/ros/hand_controller/srv/checkGrasp.lisp)
Linked: (/root/catkin_ws/devel/.private/hand_controller/share/common-lisp/ros/hand_controller/srv/MotorAngles.lisp, /root/catkin_ws/devel/share/common-lisp/ros/hand_controller/srv/MotorAngles.lisp)
Linked: (/root/catkin_ws/devel/.private/hand_controller/share/common-lisp/ros/hand_controller/srv/RubbingMotion.lisp, /root/catkin_ws/devel/share/common-lisp/ros/hand_controller/srv/RubbingMotion.lisp)
Linked: (/root/catkin_ws/devel/.private/hand_controller/share/common-lisp/ros/hand_controller/srv/_package_ClassifyOptoforceData.lisp, /root/catkin_ws/devel/share/common-lisp/ros/hand_controller/srv/_package_ClassifyOptoforceData.lisp)
Linked: (/root/catkin_ws/devel/.private/hand_controller/share/common-lisp/ros/hand_controller/srv/recordFromNow.lisp, /root/catkin_ws/devel/share/common-lisp/ros/hand_controller/srv/recordFromNow.lisp)
Linked: (/root/catkin_ws/devel/.private/hand_controller/share/common-lisp/ros/hand_controller/srv/GraspWithForce.lisp, /root/catkin_ws/devel/share/common-lisp/ros/hand_controller/srv/GraspWithForce.lisp)
Linked: (/root/catkin_ws/devel/.private/hand_controller/share/common-lisp/ros/hand_controller/srv/cashMotionSet.lisp, /root/catkin_ws/devel/share/common-lisp/ros/hand_controller/srv/cashMotionSet.lisp)
Linked: (/root/catkin_ws/devel/.private/hand_controller/share/common-lisp/ros/hand_controller/srv/getRecordedBuffer.lisp, /root/catkin_ws/devel/share/common-lisp/ros/hand_controller/srv/getRecordedBuffer.lisp)
Linked: (/root/catkin_ws/devel/.private/hand_controller/share/common-lisp/ros/hand_controller/srv/Classify.lisp, /root/catkin_ws/devel/share/common-lisp/ros/hand_controller/srv/Classify.lisp)
Linked: (/root/catkin_ws/devel/.private/hand_controller/share/common-lisp/ros/hand_controller/srv/_package_checkGrasp.lisp, /root/catkin_ws/devel/share/common-lisp/ros/hand_controller/srv/_package_checkGrasp.lisp)
Linked: (/root/catkin_ws/devel/.private/hand_controller/share/common-lisp/ros/hand_controller/srv/ClassifyOptoforceData.lisp, /root/catkin_ws/devel/share/common-lisp/ros/hand_controller/srv/ClassifyOptoforceData.lisp)
Linked: (/root/catkin_ws/devel/.private/hand_controller/share/common-lisp/ros/hand_controller/srv/SetMotorSteps.lisp, /root/catkin_ws/devel/share/common-lisp/ros/hand_controller/srv/SetMotorSteps.lisp)
Linked: (/root/catkin_ws/devel/.private/hand_controller/share/common-lisp/ros/hand_controller/srv/SetMotorAngles.lisp, /root/catkin_ws/devel/share/common-lisp/ros/hand_controller/srv/SetMotorAngles.lisp)
Linked: (/root/catkin_ws/devel/.private/hand_controller/share/common-lisp/ros/hand_controller/srv/AddTrial.lisp, /root/catkin_ws/devel/share/common-lisp/ros/hand_controller/srv/AddTrial.lisp)
Linked: (/root/catkin_ws/devel/.private/hand_controller/share/common-lisp/ros/hand_controller/srv/_package_SetMotorSteps.lisp, /root/catkin_ws/devel/share/common-lisp/ros/hand_controller/srv/_package_SetMotorSteps.lisp)
Linked: (/root/catkin_ws/devel/.private/hand_controller/share/common-lisp/ros/hand_controller/srv/_package_RubbingMotion.lisp, /root/catkin_ws/devel/share/common-lisp/ros/hand_controller/srv/_package_RubbingMotion.lisp)
Linked: (/root/catkin_ws/devel/.private/hand_controller/share/common-lisp/ros/hand_controller/srv/stopRecording.lisp, /root/catkin_ws/devel/share/common-lisp/ros/hand_controller/srv/stopRecording.lisp)
Linked: (/root/catkin_ws/devel/.private/hand_controller/share/common-lisp/ros/hand_controller/srv/_package_MotorAngles.lisp, /root/catkin_ws/devel/share/common-lisp/ros/hand_controller/srv/_package_MotorAngles.lisp)
Linked: (/root/catkin_ws/devel/.private/hand_controller/share/common-lisp/ros/hand_controller/srv/_package_CashMotion.lisp, /root/catkin_ws/devel/share/common-lisp/ros/hand_controller/srv/_package_CashMotion.lisp)
Linked: (/root/catkin_ws/devel/.private/hand_controller/share/common-lisp/ros/hand_controller/srv/rubbingWithForce.lisp, /root/catkin_ws/devel/share/common-lisp/ros/hand_controller/srv/rubbingWithForce.lisp)
Linked: (/root/catkin_ws/devel/.private/hand_controller/share/common-lisp/ros/hand_controller/srv/_package_stopRecording.lisp, /root/catkin_ws/devel/share/common-lisp/ros/hand_controller/srv/_package_stopRecording.lisp)
Linked: (/root/catkin_ws/devel/.private/hand_controller/share/common-lisp/ros/hand_controller/srv/_package_MotorSteps.lisp, /root/catkin_ws/devel/share/common-lisp/ros/hand_controller/srv/_package_MotorSteps.lisp)
Linked: (/root/catkin_ws/devel/.private/hand_controller/share/common-lisp/ros/hand_controller/srv/_package_getRecordedBuffer.lisp, /root/catkin_ws/devel/share/common-lisp/ros/hand_controller/srv/_package_getRecordedBuffer.lisp)
Linked: (/root/catkin_ws/devel/.private/hand_controller/share/common-lisp/ros/hand_controller/srv/_package_SetMotorAngles.lisp, /root/catkin_ws/devel/share/common-lisp/ros/hand_controller/srv/_package_SetMotorAngles.lisp)
Linked: (/root/catkin_ws/devel/.private/hand_controller/share/common-lisp/ros/hand_controller/srv/_package_DemoGetForceDistribution.lisp, /root/catkin_ws/devel/share/common-lisp/ros/hand_controller/srv/_package_DemoGetForceDistribution.lisp)
Linked: (/root/catkin_ws/devel/.private/hand_controller/share/common-lisp/ros/hand_controller/srv/_package_Classify.lisp, /root/catkin_ws/devel/share/common-lisp/ros/hand_controller/srv/_package_Classify.lisp)
Linked: (/root/catkin_ws/devel/.private/hand_controller/share/common-lisp/ros/hand_controller/srv/_package_cashMotionSet.lisp, /root/catkin_ws/devel/share/common-lisp/ros/hand_controller/srv/_package_cashMotionSet.lisp)
Linked: (/root/catkin_ws/devel/.private/hand_controller/share/common-lisp/ros/hand_controller/srv/_package_rubbingWithForce.lisp, /root/catkin_ws/devel/share/common-lisp/ros/hand_controller/srv/_package_rubbingWithForce.lisp)
Linked: (/root/catkin_ws/devel/.private/hand_controller/share/common-lisp/ros/hand_controller/srv/DemoGetForceDistribution.lisp, /root/catkin_ws/devel/share/common-lisp/ros/hand_controller/srv/DemoGetForceDistribution.lisp)
Linked: (/root/catkin_ws/devel/.private/hand_controller/share/common-lisp/ros/hand_controller/srv/MotorSteps.lisp, /root/catkin_ws/devel/share/common-lisp/ros/hand_controller/srv/MotorSteps.lisp)
Linked: (/root/catkin_ws/devel/.private/hand_controller/share/common-lisp/ros/hand_controller/srv/_package_recordFromNow.lisp, /root/catkin_ws/devel/share/common-lisp/ros/hand_controller/srv/_package_recordFromNow.lisp)
Linked: (/root/catkin_ws/devel/.private/hand_controller/share/common-lisp/ros/hand_controller/srv/_package_AddTrial.lisp, /root/catkin_ws/devel/share/common-lisp/ros/hand_controller/srv/_package_AddTrial.lisp)
Linked: (/root/catkin_ws/devel/.private/hand_controller/share/common-lisp/ros/hand_controller/srv/CashMotion.lisp, /root/catkin_ws/devel/share/common-lisp/ros/hand_controller/srv/CashMotion.lisp)
Linked: (/root/catkin_ws/devel/.private/hand_controller/share/common-lisp/ros/hand_controller/srv/_package_GraspWithForce.lisp, /root/catkin_ws/devel/share/common-lisp/ros/hand_controller/srv/_package_GraspWithForce.lisp)
Linked: (/root/catkin_ws/devel/.private/hand_controller/share/common-lisp/ros/hand_controller/srv/_package.lisp, /root/catkin_ws/devel/share/common-lisp/ros/hand_controller/srv/_package.lisp)
Linked: (/root/catkin_ws/devel/.private/hand_controller/share/gennodejs/ros/hand_controller/_index.js, /root/catkin_ws/devel/share/gennodejs/ros/hand_controller/_index.js)
Linked: (/root/catkin_ws/devel/.private/hand_controller/share/gennodejs/ros/hand_controller/msg/Angles.js, /root/catkin_ws/devel/share/gennodejs/ros/hand_controller/msg/Angles.js)
Linked: (/root/catkin_ws/devel/.private/hand_controller/share/gennodejs/ros/hand_controller/msg/Steps.js, /root/catkin_ws/devel/share/gennodejs/ros/hand_controller/msg/Steps.js)
Linked: (/root/catkin_ws/devel/.private/hand_controller/share/gennodejs/ros/hand_controller/msg/_index.js, /root/catkin_ws/devel/share/gennodejs/ros/hand_controller/msg/_index.js)
Linked: (/root/catkin_ws/devel/.private/hand_controller/share/gennodejs/ros/hand_controller/msg/sendDataStamped.js, /root/catkin_ws/devel/share/gennodejs/ros/hand_controller/msg/sendDataStamped.js)
Linked: (/root/catkin_ws/devel/.private/hand_controller/share/gennodejs/ros/hand_controller/srv/cashMotionSet.js, /root/catkin_ws/devel/share/gennodejs/ros/hand_controller/srv/cashMotionSet.js)
Linked: (/root/catkin_ws/devel/.private/hand_controller/share/gennodejs/ros/hand_controller/srv/GraspWithForce.js, /root/catkin_ws/devel/share/gennodejs/ros/hand_controller/srv/GraspWithForce.js)
Linked: (/root/catkin_ws/devel/.private/hand_controller/share/gennodejs/ros/hand_controller/srv/rubbingWithForce.js, /root/catkin_ws/devel/share/gennodejs/ros/hand_controller/srv/rubbingWithForce.js)
Linked: (/root/catkin_ws/devel/.private/hand_controller/share/gennodejs/ros/hand_controller/srv/CashMotion.js, /root/catkin_ws/devel/share/gennodejs/ros/hand_controller/srv/CashMotion.js)
Linked: (/root/catkin_ws/devel/.private/hand_controller/share/gennodejs/ros/hand_controller/srv/MotorAngles.js, /root/catkin_ws/devel/share/gennodejs/ros/hand_controller/srv/MotorAngles.js)
Linked: (/root/catkin_ws/devel/.private/hand_controller/share/gennodejs/ros/hand_controller/srv/SetMotorSteps.js, /root/catkin_ws/devel/share/gennodejs/ros/hand_controller/srv/SetMotorSteps.js)
Linked: (/root/catkin_ws/devel/.private/hand_controller/share/gennodejs/ros/hand_controller/srv/getRecordedBuffer.js, /root/catkin_ws/devel/share/gennodejs/ros/hand_controller/srv/getRecordedBuffer.js)
Linked: (/root/catkin_ws/devel/.private/hand_controller/share/gennodejs/ros/hand_controller/srv/MotorSteps.js, /root/catkin_ws/devel/share/gennodejs/ros/hand_controller/srv/MotorSteps.js)
Linked: (/root/catkin_ws/devel/.private/hand_controller/share/gennodejs/ros/hand_controller/srv/DemoGetForceDistribution.js, /root/catkin_ws/devel/share/gennodejs/ros/hand_controller/srv/DemoGetForceDistribution.js)
Linked: (/root/catkin_ws/devel/.private/hand_controller/share/gennodejs/ros/hand_controller/srv/AddTrial.js, /root/catkin_ws/devel/share/gennodejs/ros/hand_controller/srv/AddTrial.js)
Linked: (/root/catkin_ws/devel/.private/hand_controller/share/gennodejs/ros/hand_controller/srv/recordFromNow.js, /root/catkin_ws/devel/share/gennodejs/ros/hand_controller/srv/recordFromNow.js)
Linked: (/root/catkin_ws/devel/.private/hand_controller/share/gennodejs/ros/hand_controller/srv/checkGrasp.js, /root/catkin_ws/devel/share/gennodejs/ros/hand_controller/srv/checkGrasp.js)
Linked: (/root/catkin_ws/devel/.private/hand_controller/share/gennodejs/ros/hand_controller/srv/ClassifyOptoforceData.js, /root/catkin_ws/devel/share/gennodejs/ros/hand_controller/srv/ClassifyOptoforceData.js)
Linked: (/root/catkin_ws/devel/.private/hand_controller/share/gennodejs/ros/hand_controller/srv/SetMotorAngles.js, /root/catkin_ws/devel/share/gennodejs/ros/hand_controller/srv/SetMotorAngles.js)
Linked: (/root/catkin_ws/devel/.private/hand_controller/share/gennodejs/ros/hand_controller/srv/Classify.js, /root/catkin_ws/devel/share/gennodejs/ros/hand_controller/srv/Classify.js)
Linked: (/root/catkin_ws/devel/.private/hand_controller/share/gennodejs/ros/hand_controller/srv/RubbingMotion.js, /root/catkin_ws/devel/share/gennodejs/ros/hand_controller/srv/RubbingMotion.js)
Linked: (/root/catkin_ws/devel/.private/hand_controller/share/gennodejs/ros/hand_controller/srv/_index.js, /root/catkin_ws/devel/share/gennodejs/ros/hand_controller/srv/_index.js)
Linked: (/root/catkin_ws/devel/.private/hand_controller/share/gennodejs/ros/hand_controller/srv/stopRecording.js, /root/catkin_ws/devel/share/gennodejs/ros/hand_controller/srv/stopRecording.js)
Linked: (/root/catkin_ws/devel/.private/hand_controller/include/hand_controller/DemoGetForceDistributionResponse.h, /root/catkin_ws/devel/include/hand_controller/DemoGetForceDistributionResponse.h)
Linked: (/root/catkin_ws/devel/.private/hand_controller/include/hand_controller/RubbingMotionResponse.h, /root/catkin_ws/devel/include/hand_controller/RubbingMotionResponse.h)
Linked: (/root/catkin_ws/devel/.private/hand_controller/include/hand_controller/recordFromNowResponse.h, /root/catkin_ws/devel/include/hand_controller/recordFromNowResponse.h)
Linked: (/root/catkin_ws/devel/.private/hand_controller/include/hand_controller/recordFromNowRequest.h, /root/catkin_ws/devel/include/hand_controller/recordFromNowRequest.h)
Linked: (/root/catkin_ws/devel/.private/hand_controller/include/hand_controller/MotorStepsRequest.h, /root/catkin_ws/devel/include/hand_controller/MotorStepsRequest.h)
Linked: (/root/catkin_ws/devel/.private/hand_controller/include/hand_controller/Angles.h, /root/catkin_ws/devel/include/hand_controller/Angles.h)
Linked: (/root/catkin_ws/devel/.private/hand_controller/include/hand_controller/SetMotorSteps.h, /root/catkin_ws/devel/include/hand_controller/SetMotorSteps.h)
Linked: (/root/catkin_ws/devel/.private/hand_controller/include/hand_controller/ClassifyResponse.h, /root/catkin_ws/devel/include/hand_controller/ClassifyResponse.h)
Linked: (/root/catkin_ws/devel/.private/hand_controller/include/hand_controller/AddTrialResponse.h, /root/catkin_ws/devel/include/hand_controller/AddTrialResponse.h)
Linked: (/root/catkin_ws/devel/.private/hand_controller/include/hand_controller/Steps.h, /root/catkin_ws/devel/include/hand_controller/Steps.h)
Linked: (/root/catkin_ws/devel/.private/hand_controller/include/hand_controller/checkGrasp.h, /root/catkin_ws/devel/include/hand_controller/checkGrasp.h)
Linked: (/root/catkin_ws/devel/.private/hand_controller/include/hand_controller/AddTrial.h, /root/catkin_ws/devel/include/hand_controller/AddTrial.h)
Linked: (/root/catkin_ws/devel/.private/hand_controller/include/hand_controller/RubbingMotion.h, /root/catkin_ws/devel/include/hand_controller/RubbingMotion.h)
Linked: (/root/catkin_ws/devel/.private/hand_controller/include/hand_controller/GraspWithForce.h, /root/catkin_ws/devel/include/hand_controller/GraspWithForce.h)
Linked: (/root/catkin_ws/devel/.private/hand_controller/include/hand_controller/cashMotionSet.h, /root/catkin_ws/devel/include/hand_controller/cashMotionSet.h)
Linked: (/root/catkin_ws/devel/.private/hand_controller/include/hand_controller/GraspWithForceResponse.h, /root/catkin_ws/devel/include/hand_controller/GraspWithForceResponse.h)
Linked: (/root/catkin_ws/devel/.private/hand_controller/include/hand_controller/cashMotionSetResponse.h, /root/catkin_ws/devel/include/hand_controller/cashMotionSetResponse.h)
Linked: (/root/catkin_ws/devel/.private/hand_controller/include/hand_controller/AddTrialRequest.h, /root/catkin_ws/devel/include/hand_controller/AddTrialRequest.h)
Linked: (/root/catkin_ws/devel/.private/hand_controller/include/hand_controller/recordFromNow.h, /root/catkin_ws/devel/include/hand_controller/recordFromNow.h)
Linked: (/root/catkin_ws/devel/.private/hand_controller/include/hand_controller/getRecordedBuffer.h, /root/catkin_ws/devel/include/hand_controller/getRecordedBuffer.h)
Linked: (/root/catkin_ws/devel/.private/hand_controller/include/hand_controller/getRecordedBufferRequest.h, /root/catkin_ws/devel/include/hand_controller/getRecordedBufferRequest.h)
Linked: (/root/catkin_ws/devel/.private/hand_controller/include/hand_controller/MotorSteps.h, /root/catkin_ws/devel/include/hand_controller/MotorSteps.h)
Linked: (/root/catkin_ws/devel/.private/hand_controller/include/hand_controller/checkGraspRequest.h, /root/catkin_ws/devel/include/hand_controller/checkGraspRequest.h)
Linked: (/root/catkin_ws/devel/.private/hand_controller/include/hand_controller/rubbingWithForce.h, /root/catkin_ws/devel/include/hand_controller/rubbingWithForce.h)
Linked: (/root/catkin_ws/devel/.private/hand_controller/include/hand_controller/GraspWithForceRequest.h, /root/catkin_ws/devel/include/hand_controller/GraspWithForceRequest.h)
Linked: (/root/catkin_ws/devel/.private/hand_controller/include/hand_controller/SetMotorStepsResponse.h, /root/catkin_ws/devel/include/hand_controller/SetMotorStepsResponse.h)
Linked: (/root/catkin_ws/devel/.private/hand_controller/include/hand_controller/Classify.h, /root/catkin_ws/devel/include/hand_controller/Classify.h)
Linked: (/root/catkin_ws/devel/.private/hand_controller/include/hand_controller/stopRecordingResponse.h, /root/catkin_ws/devel/include/hand_controller/stopRecordingResponse.h)
Linked: (/root/catkin_ws/devel/.private/hand_controller/include/hand_controller/SetMotorAnglesRequest.h, /root/catkin_ws/devel/include/hand_controller/SetMotorAnglesRequest.h)
Linked: (/root/catkin_ws/devel/.private/hand_controller/include/hand_controller/MotorStepsResponse.h, /root/catkin_ws/devel/include/hand_controller/MotorStepsResponse.h)
Linked: (/root/catkin_ws/devel/.private/hand_controller/include/hand_controller/getRecordedBufferResponse.h, /root/catkin_ws/devel/include/hand_controller/getRecordedBufferResponse.h)
Linked: (/root/catkin_ws/devel/.private/hand_controller/include/hand_controller/RubbingMotionRequest.h, /root/catkin_ws/devel/include/hand_controller/RubbingMotionRequest.h)
Linked: (/root/catkin_ws/devel/.private/hand_controller/include/hand_controller/MotorAngles.h, /root/catkin_ws/devel/include/hand_controller/MotorAngles.h)
Linked: (/root/catkin_ws/devel/.private/hand_controller/include/hand_controller/ClassifyOptoforceData.h, /root/catkin_ws/devel/include/hand_controller/ClassifyOptoforceData.h)
Linked: (/root/catkin_ws/devel/.private/hand_controller/include/hand_controller/rubbingWithForceResponse.h, /root/catkin_ws/devel/include/hand_controller/rubbingWithForceResponse.h)
Linked: (/root/catkin_ws/devel/.private/hand_controller/include/hand_controller/CashMotionRequest.h, /root/catkin_ws/devel/include/hand_controller/CashMotionRequest.h)
Linked: (/root/catkin_ws/devel/.private/hand_controller/include/hand_controller/ClassifyOptoforceDataRequest.h, /root/catkin_ws/devel/include/hand_controller/ClassifyOptoforceDataRequest.h)
Linked: (/root/catkin_ws/devel/.private/hand_controller/include/hand_controller/MotorAnglesRequest.h, /root/catkin_ws/devel/include/hand_controller/MotorAnglesRequest.h)
Linked: (/root/catkin_ws/devel/.private/hand_controller/include/hand_controller/cashMotionSetRequest.h, /root/catkin_ws/devel/include/hand_controller/cashMotionSetRequest.h)
Linked: (/root/catkin_ws/devel/.private/hand_controller/include/hand_controller/rubbingWithForceRequest.h, /root/catkin_ws/devel/include/hand_controller/rubbingWithForceRequest.h)
Linked: (/root/catkin_ws/devel/.private/hand_controller/include/hand_controller/SetMotorStepsRequest.h, /root/catkin_ws/devel/include/hand_controller/SetMotorStepsRequest.h)
Linked: (/root/catkin_ws/devel/.private/hand_controller/include/hand_controller/CashMotion.h, /root/catkin_ws/devel/include/hand_controller/CashMotion.h)
Linked: (/root/catkin_ws/devel/.private/hand_controller/include/hand_controller/DemoGetForceDistribution.h, /root/catkin_ws/devel/include/hand_controller/DemoGetForceDistribution.h)
Linked: (/root/catkin_ws/devel/.private/hand_controller/include/hand_controller/stopRecording.h, /root/catkin_ws/devel/include/hand_controller/stopRecording.h)
Linked: (/root/catkin_ws/devel/.private/hand_controller/include/hand_controller/DemoGetForceDistributionRequest.h, /root/catkin_ws/devel/include/hand_controller/DemoGetForceDistributionRequest.h)
Linked: (/root/catkin_ws/devel/.private/hand_controller/include/hand_controller/stopRecordingRequest.h, /root/catkin_ws/devel/include/hand_controller/stopRecordingRequest.h)
Linked: (/root/catkin_ws/devel/.private/hand_controller/include/hand_controller/SetMotorAnglesResponse.h, /root/catkin_ws/devel/include/hand_controller/SetMotorAnglesResponse.h)
Linked: (/root/catkin_ws/devel/.private/hand_controller/include/hand_controller/sendDataStamped.h, /root/catkin_ws/devel/include/hand_controller/sendDataStamped.h)
Linked: (/root/catkin_ws/devel/.private/hand_controller/include/hand_controller/ClassifyOptoforceDataResponse.h, /root/catkin_ws/devel/include/hand_controller/ClassifyOptoforceDataResponse.h)
Linked: (/root/catkin_ws/devel/.private/hand_controller/include/hand_controller/SetMotorAngles.h, /root/catkin_ws/devel/include/hand_controller/SetMotorAngles.h)
Linked: (/root/catkin_ws/devel/.private/hand_controller/include/hand_controller/MotorAnglesResponse.h, /root/catkin_ws/devel/include/hand_controller/MotorAnglesResponse.h)
Linked: (/root/catkin_ws/devel/.private/hand_controller/include/hand_controller/CashMotionResponse.h, /root/catkin_ws/devel/include/hand_controller/CashMotionResponse.h)
Linked: (/root/catkin_ws/devel/.private/hand_controller/include/hand_controller/ClassifyRequest.h, /root/catkin_ws/devel/include/hand_controller/ClassifyRequest.h)
Linked: (/root/catkin_ws/devel/.private/hand_controller/include/hand_controller/checkGraspResponse.h, /root/catkin_ws/devel/include/hand_controller/checkGraspResponse.h)
Linked: (/root/catkin_ws/devel/.private/hand_controller/lib/python2.7/dist-packages/hand_controller/__init__.py, /root/catkin_ws/devel/lib/python2.7/dist-packages/hand_controller/__init__.py)
Linked: (/root/catkin_ws/devel/.private/hand_controller/lib/python2.7/dist-packages/hand_controller/msg/__init__.py, /root/catkin_ws/devel/lib/python2.7/dist-packages/hand_controller/msg/__init__.py)
Linked: (/root/catkin_ws/devel/.private/hand_controller/lib/python2.7/dist-packages/hand_controller/msg/_Steps.py, /root/catkin_ws/devel/lib/python2.7/dist-packages/hand_controller/msg/_Steps.py)
Linked: (/root/catkin_ws/devel/.private/hand_controller/lib/python2.7/dist-packages/hand_controller/msg/_Angles.py, /root/catkin_ws/devel/lib/python2.7/dist-packages/hand_controller/msg/_Angles.py)
Linked: (/root/catkin_ws/devel/.private/hand_controller/lib/python2.7/dist-packages/hand_controller/msg/_sendDataStamped.py, /root/catkin_ws/devel/lib/python2.7/dist-packages/hand_controller/msg/_sendDataStamped.py)
Linked: (/root/catkin_ws/devel/.private/hand_controller/lib/python2.7/dist-packages/hand_controller/srv/_recordFromNow.py, /root/catkin_ws/devel/lib/python2.7/dist-packages/hand_controller/srv/_recordFromNow.py)
Linked: (/root/catkin_ws/devel/.private/hand_controller/lib/python2.7/dist-packages/hand_controller/srv/__init__.py, /root/catkin_ws/devel/lib/python2.7/dist-packages/hand_controller/srv/__init__.py)
Linked: (/root/catkin_ws/devel/.private/hand_controller/lib/python2.7/dist-packages/hand_controller/srv/_MotorAngles.py, /root/catkin_ws/devel/lib/python2.7/dist-packages/hand_controller/srv/_MotorAngles.py)
Linked: (/root/catkin_ws/devel/.private/hand_controller/lib/python2.7/dist-packages/hand_controller/srv/_getRecordedBuffer.py, /root/catkin_ws/devel/lib/python2.7/dist-packages/hand_controller/srv/_getRecordedBuffer.py)
Linked: (/root/catkin_ws/devel/.private/hand_controller/lib/python2.7/dist-packages/hand_controller/srv/_checkGrasp.py, /root/catkin_ws/devel/lib/python2.7/dist-packages/hand_controller/srv/_checkGrasp.py)
Linked: (/root/catkin_ws/devel/.private/hand_controller/lib/python2.7/dist-packages/hand_controller/srv/_cashMotionSet.py, /root/catkin_ws/devel/lib/python2.7/dist-packages/hand_controller/srv/_cashMotionSet.py)
Linked: (/root/catkin_ws/devel/.private/hand_controller/lib/python2.7/dist-packages/hand_controller/srv/_SetMotorAngles.py, /root/catkin_ws/devel/lib/python2.7/dist-packages/hand_controller/srv/_SetMotorAngles.py)
Linked: (/root/catkin_ws/devel/.private/hand_controller/lib/python2.7/dist-packages/hand_controller/srv/_GraspWithForce.py, /root/catkin_ws/devel/lib/python2.7/dist-packages/hand_controller/srv/_GraspWithForce.py)
Linked: (/root/catkin_ws/devel/.private/hand_controller/lib/python2.7/dist-packages/hand_controller/srv/_rubbingWithForce.py, /root/catkin_ws/devel/lib/python2.7/dist-packages/hand_controller/srv/_rubbingWithForce.py)
Linked: (/root/catkin_ws/devel/.private/hand_controller/lib/python2.7/dist-packages/hand_controller/srv/_stopRecording.py, /root/catkin_ws/devel/lib/python2.7/dist-packages/hand_controller/srv/_stopRecording.py)
Linked: (/root/catkin_ws/devel/.private/hand_controller/lib/python2.7/dist-packages/hand_controller/srv/_SetMotorSteps.py, /root/catkin_ws/devel/lib/python2.7/dist-packages/hand_controller/srv/_SetMotorSteps.py)
Linked: (/root/catkin_ws/devel/.private/hand_controller/lib/python2.7/dist-packages/hand_controller/srv/_AddTrial.py, /root/catkin_ws/devel/lib/python2.7/dist-packages/hand_controller/srv/_AddTrial.py)
Linked: (/root/catkin_ws/devel/.private/hand_controller/lib/python2.7/dist-packages/hand_controller/srv/_CashMotion.py, /root/catkin_ws/devel/lib/python2.7/dist-packages/hand_controller/srv/_CashMotion.py)
Linked: (/root/catkin_ws/devel/.private/hand_controller/lib/python2.7/dist-packages/hand_controller/srv/_DemoGetForceDistribution.py, /root/catkin_ws/devel/lib/python2.7/dist-packages/hand_controller/srv/_DemoGetForceDistribution.py)
Linked: (/root/catkin_ws/devel/.private/hand_controller/lib/python2.7/dist-packages/hand_controller/srv/_Classify.py, /root/catkin_ws/devel/lib/python2.7/dist-packages/hand_controller/srv/_Classify.py)
Linked: (/root/catkin_ws/devel/.private/hand_controller/lib/python2.7/dist-packages/hand_controller/srv/_MotorSteps.py, /root/catkin_ws/devel/lib/python2.7/dist-packages/hand_controller/srv/_MotorSteps.py)
Linked: (/root/catkin_ws/devel/.private/hand_controller/lib/python2.7/dist-packages/hand_controller/srv/_RubbingMotion.py, /root/catkin_ws/devel/lib/python2.7/dist-packages/hand_controller/srv/_RubbingMotion.py)
Linked: (/root/catkin_ws/devel/.private/hand_controller/lib/python2.7/dist-packages/hand_controller/srv/_ClassifyOptoforceData.py, /root/catkin_ws/devel/lib/python2.7/dist-packages/hand_controller/srv/_ClassifyOptoforceData.py)
Linked: (/root/catkin_ws/devel/.private/hand_controller/lib/hand_controller/hand_controller, /root/catkin_ws/devel/lib/hand_controller/hand_controller)
Linked: (/root/catkin_ws/devel/.private/hand_controller/lib/pkgconfig/hand_controller.pc, /root/catkin_ws/devel/lib/pkgconfig/hand_controller.pc)
