Symlinking /root/catkin_ws/devel/share/roseus/ros/swiftpro/manifest.l
Symlinking /root/catkin_ws/devel/share/roseus/ros/swiftpro/msg/position.l
Symlinking /root/catkin_ws/devel/share/roseus/ros/swiftpro/msg/status.l
Symlinking /root/catkin_ws/devel/share/roseus/ros/swiftpro/msg/angle4th.l
Symlinking /root/catkin_ws/devel/share/roseus/ros/swiftpro/msg/SwiftproState.l
Symlinking /root/catkin_ws/devel/share/swiftpro/cmake/swiftproConfig.cmake
Symlinking /root/catkin_ws/devel/share/swiftpro/cmake/swiftpro-msg-paths.cmake
Symlinking /root/catkin_ws/devel/share/swiftpro/cmake/swiftproConfig-version.cmake
Symlinking /root/catkin_ws/devel/share/swiftpro/cmake/swiftpro-msg-extras.cmake
Symlinking /root/catkin_ws/devel/share/common-lisp/ros/swiftpro/msg/_package_status.lisp
Symlinking /root/catkin_ws/devel/share/common-lisp/ros/swiftpro/msg/_package_angle4th.lisp
Symlinking /root/catkin_ws/devel/share/common-lisp/ros/swiftpro/msg/_package_position.lisp
Symlinking /root/catkin_ws/devel/share/common-lisp/ros/swiftpro/msg/position.lisp
Symlinking /root/catkin_ws/devel/share/common-lisp/ros/swiftpro/msg/SwiftproState.lisp
Symlinking /root/catkin_ws/devel/share/common-lisp/ros/swiftpro/msg/status.lisp
Symlinking /root/catkin_ws/devel/share/common-lisp/ros/swiftpro/msg/angle4th.lisp
Symlinking /root/catkin_ws/devel/share/common-lisp/ros/swiftpro/msg/swiftpro-msg.asd
Symlinking /root/catkin_ws/devel/share/common-lisp/ros/swiftpro/msg/_package_SwiftproState.lisp
Symlinking /root/catkin_ws/devel/share/common-lisp/ros/swiftpro/msg/_package.lisp
Symlinking /root/catkin_ws/devel/share/gennodejs/ros/swiftpro/_index.js
Symlinking /root/catkin_ws/devel/share/gennodejs/ros/swiftpro/msg/angle4th.js
Symlinking /root/catkin_ws/devel/share/gennodejs/ros/swiftpro/msg/position.js
Symlinking /root/catkin_ws/devel/share/gennodejs/ros/swiftpro/msg/status.js
Symlinking /root/catkin_ws/devel/share/gennodejs/ros/swiftpro/msg/SwiftproState.js
Symlinking /root/catkin_ws/devel/share/gennodejs/ros/swiftpro/msg/_index.js
Symlinking /root/catkin_ws/devel/include/swiftpro/position.h
Symlinking /root/catkin_ws/devel/include/swiftpro/angle4th.h
Symlinking /root/catkin_ws/devel/include/swiftpro/status.h
Symlinking /root/catkin_ws/devel/include/swiftpro/SwiftproState.h
Symlinking /root/catkin_ws/devel/lib/python2.7/dist-packages/swiftpro/__init__.py
Symlinking /root/catkin_ws/devel/lib/python2.7/dist-packages/swiftpro/msg/__init__.py
Symlinking /root/catkin_ws/devel/lib/python2.7/dist-packages/swiftpro/msg/_position.py
Symlinking /root/catkin_ws/devel/lib/python2.7/dist-packages/swiftpro/msg/_angle4th.py
Symlinking /root/catkin_ws/devel/lib/python2.7/dist-packages/swiftpro/msg/_SwiftproState.py
Symlinking /root/catkin_ws/devel/lib/python2.7/dist-packages/swiftpro/msg/_status.py
Symlinking /root/catkin_ws/devel/lib/swiftpro/swiftpro_rviz_node
Symlinking /root/catkin_ws/devel/lib/swiftpro/swiftpro_moveit_node
Symlinking /root/catkin_ws/devel/lib/swiftpro/swiftpro_write_node
Symlinking /root/catkin_ws/devel/lib/swiftpro/swiftpro_read_node
Symlinking /root/catkin_ws/devel/lib/pkgconfig/swiftpro.pc
