[35m[1mScanning dependencies of target _temperature_sensor_generate_messages_check_deps_sendDataStamped[0m
[35m[1mScanning dependencies of target std_msgs_generate_messages_cpp[0m
[35m[1mScanning dependencies of target std_msgs_generate_messages_lisp[0m
[35m[1mScanning dependencies of target std_msgs_generate_messages_nodejs[0m
[35m[1mScanning dependencies of target std_msgs_generate_messages_py[0m
[35m[1mScanning dependencies of target std_msgs_generate_messages_eus[0m
[  0%] Built target std_msgs_generate_messages_cpp
[  0%] Built target std_msgs_generate_messages_py
[  0%] Built target std_msgs_generate_messages_nodejs
[  0%] Built target std_msgs_generate_messages_lisp
[  0%] Built target std_msgs_generate_messages_eus
[  0%] Built target _temperature_sensor_generate_messages_check_deps_sendDataStamped
[35m[1mScanning dependencies of target temperature_sensor_generate_messages_lisp[0m
[35m[1mScanning dependencies of target temperature_sensor_generate_messages_py[0m
[35m[1mScanning dependencies of target temperature_sensor_generate_messages_nodejs[0m
[35m[1mScanning dependencies of target temperature_sensor_generate_messages_cpp[0m
[35m[1mScanning dependencies of target temperature_sensor_generate_messages_eus[0m
[ 14%] [34m[1mGenerating Lisp code from temperature_sensor/sendDataStamped.msg[0m
[ 28%] [34m[1mGenerating C++ code from temperature_sensor/sendDataStamped.msg[0m
[ 57%] [34m[1mGenerating Python from MSG temperature_sensor/sendDataStamped[0m
[ 71%] [34m[1mGenerating EusLisp manifest code for temperature_sensor[0m
[ 71%] [34m[1mGenerating Javascript code from temperature_sensor/sendDataStamped.msg[0m
[ 85%] [34m[1mGenerating EusLisp code from temperature_sensor/sendDataStamped.msg[0m
[ 85%] Built target temperature_sensor_generate_messages_nodejs
[ 85%] Built target temperature_sensor_generate_messages_lisp
[100%] [34m[1mGenerating Python msg __init__.py for temperature_sensor[0m
[100%] Built target temperature_sensor_generate_messages_cpp
[100%] Built target temperature_sensor_generate_messages_py
[100%] Built target temperature_sensor_generate_messages_eus
[35m[1mScanning dependencies of target temperature_sensor_generate_messages[0m
[100%] Built target temperature_sensor_generate_messages
