[36m--[0m Using CATKIN_DEVEL_PREFIX: /root/catkin_ws/devel/.private/temperature_controller
[36m--[0m Using CMAKE_PREFIX_PATH: /root/catkin_ws/devel;/opt/ros/kinetic
[36m--[0m This workspace overlays: /root/catkin_ws/devel;/opt/ros/kinetic
[36m--[0m Using PYTHON_EXECUTABLE: /usr/bin/python
[36m--[0m Using Debian Python package layout
[36m--[0m Using empy: /usr/bin/empy
[36m--[0m Using CATKIN_ENABLE_TESTING: ON
[36m--[0m Call enable_testing()
[36m--[0m Using CATKIN_TEST_RESULTS_DIR: /root/catkin_ws/build/temperature_controller/test_results
[36m--[0m Found gmock sources under '/usr/src/gmock': gmock will be built
[36m--[0m Found gtest sources under '/usr/src/gmock': gtests will be built
[36m--[0m Using Python nosetests: /usr/bin/nosetests-2.7
[36m--[0m catkin 0.7.11
[31m[1mCMake Error[0m at /root/catkin_ws/src/temperature_controller/CMakeLists.txt:49 (add_message_files):
  Unknown CMake command "add_message_files".


[36m--[0m Configuring incomplete, errors occurred!
See also "/root/catkin_ws/build/temperature_controller/CMakeFiles/CMakeOutput.log".
See also "/root/catkin_ws/build/temperature_controller/CMakeFiles/CMakeError.log".
Makefile:388: recipe for target 'cmake_check_build_system' failed
make: *** [cmake_check_build_system] Error 1
