Linked: (/root/catkin_ws/devel/.private/shape_msgs/share/shape_msgs/cmake/shape_msgs-msg-extras.cmake, /root/catkin_ws/devel/share/shape_msgs/cmake/shape_msgs-msg-extras.cmake)
Linked: (/root/catkin_ws/devel/.private/shape_msgs/share/shape_msgs/cmake/shape_msgsConfig-version.cmake, /root/catkin_ws/devel/share/shape_msgs/cmake/shape_msgsConfig-version.cmake)
Linked: (/root/catkin_ws/devel/.private/shape_msgs/share/shape_msgs/cmake/shape_msgs-msg-paths.cmake, /root/catkin_ws/devel/share/shape_msgs/cmake/shape_msgs-msg-paths.cmake)
Linked: (/root/catkin_ws/devel/.private/shape_msgs/share/shape_msgs/cmake/shape_msgsConfig.cmake, /root/catkin_ws/devel/share/shape_msgs/cmake/shape_msgsConfig.cmake)
Linked: (/root/catkin_ws/devel/.private/shape_msgs/share/roseus/ros/shape_msgs/manifest.l, /root/catkin_ws/devel/share/roseus/ros/shape_msgs/manifest.l)
Linked: (/root/catkin_ws/devel/.private/shape_msgs/share/roseus/ros/shape_msgs/msg/MeshTriangle.l, /root/catkin_ws/devel/share/roseus/ros/shape_msgs/msg/MeshTriangle.l)
Linked: (/root/catkin_ws/devel/.private/shape_msgs/share/roseus/ros/shape_msgs/msg/Plane.l, /root/catkin_ws/devel/share/roseus/ros/shape_msgs/msg/Plane.l)
Linked: (/root/catkin_ws/devel/.private/shape_msgs/share/roseus/ros/shape_msgs/msg/SolidPrimitive.l, /root/catkin_ws/devel/share/roseus/ros/shape_msgs/msg/SolidPrimitive.l)
Linked: (/root/catkin_ws/devel/.private/shape_msgs/share/roseus/ros/shape_msgs/msg/Mesh.l, /root/catkin_ws/devel/share/roseus/ros/shape_msgs/msg/Mesh.l)
Linked: (/root/catkin_ws/devel/.private/shape_msgs/share/common-lisp/ros/shape_msgs/msg/Mesh.lisp, /root/catkin_ws/devel/share/common-lisp/ros/shape_msgs/msg/Mesh.lisp)
Linked: (/root/catkin_ws/devel/.private/shape_msgs/share/common-lisp/ros/shape_msgs/msg/_package_Plane.lisp, /root/catkin_ws/devel/share/common-lisp/ros/shape_msgs/msg/_package_Plane.lisp)
Linked: (/root/catkin_ws/devel/.private/shape_msgs/share/common-lisp/ros/shape_msgs/msg/Plane.lisp, /root/catkin_ws/devel/share/common-lisp/ros/shape_msgs/msg/Plane.lisp)
Linked: (/root/catkin_ws/devel/.private/shape_msgs/share/common-lisp/ros/shape_msgs/msg/shape_msgs-msg.asd, /root/catkin_ws/devel/share/common-lisp/ros/shape_msgs/msg/shape_msgs-msg.asd)
Linked: (/root/catkin_ws/devel/.private/shape_msgs/share/common-lisp/ros/shape_msgs/msg/MeshTriangle.lisp, /root/catkin_ws/devel/share/common-lisp/ros/shape_msgs/msg/MeshTriangle.lisp)
Linked: (/root/catkin_ws/devel/.private/shape_msgs/share/common-lisp/ros/shape_msgs/msg/_package_Mesh.lisp, /root/catkin_ws/devel/share/common-lisp/ros/shape_msgs/msg/_package_Mesh.lisp)
Linked: (/root/catkin_ws/devel/.private/shape_msgs/share/common-lisp/ros/shape_msgs/msg/_package_SolidPrimitive.lisp, /root/catkin_ws/devel/share/common-lisp/ros/shape_msgs/msg/_package_SolidPrimitive.lisp)
Linked: (/root/catkin_ws/devel/.private/shape_msgs/share/common-lisp/ros/shape_msgs/msg/SolidPrimitive.lisp, /root/catkin_ws/devel/share/common-lisp/ros/shape_msgs/msg/SolidPrimitive.lisp)
Linked: (/root/catkin_ws/devel/.private/shape_msgs/share/common-lisp/ros/shape_msgs/msg/_package_MeshTriangle.lisp, /root/catkin_ws/devel/share/common-lisp/ros/shape_msgs/msg/_package_MeshTriangle.lisp)
Linked: (/root/catkin_ws/devel/.private/shape_msgs/share/common-lisp/ros/shape_msgs/msg/_package.lisp, /root/catkin_ws/devel/share/common-lisp/ros/shape_msgs/msg/_package.lisp)
Linked: (/root/catkin_ws/devel/.private/shape_msgs/share/gennodejs/ros/shape_msgs/_index.js, /root/catkin_ws/devel/share/gennodejs/ros/shape_msgs/_index.js)
Linked: (/root/catkin_ws/devel/.private/shape_msgs/share/gennodejs/ros/shape_msgs/msg/Plane.js, /root/catkin_ws/devel/share/gennodejs/ros/shape_msgs/msg/Plane.js)
Linked: (/root/catkin_ws/devel/.private/shape_msgs/share/gennodejs/ros/shape_msgs/msg/Mesh.js, /root/catkin_ws/devel/share/gennodejs/ros/shape_msgs/msg/Mesh.js)
Linked: (/root/catkin_ws/devel/.private/shape_msgs/share/gennodejs/ros/shape_msgs/msg/SolidPrimitive.js, /root/catkin_ws/devel/share/gennodejs/ros/shape_msgs/msg/SolidPrimitive.js)
Linked: (/root/catkin_ws/devel/.private/shape_msgs/share/gennodejs/ros/shape_msgs/msg/MeshTriangle.js, /root/catkin_ws/devel/share/gennodejs/ros/shape_msgs/msg/MeshTriangle.js)
Linked: (/root/catkin_ws/devel/.private/shape_msgs/share/gennodejs/ros/shape_msgs/msg/_index.js, /root/catkin_ws/devel/share/gennodejs/ros/shape_msgs/msg/_index.js)
Linked: (/root/catkin_ws/devel/.private/shape_msgs/include/shape_msgs/MeshTriangle.h, /root/catkin_ws/devel/include/shape_msgs/MeshTriangle.h)
Linked: (/root/catkin_ws/devel/.private/shape_msgs/include/shape_msgs/SolidPrimitive.h, /root/catkin_ws/devel/include/shape_msgs/SolidPrimitive.h)
Linked: (/root/catkin_ws/devel/.private/shape_msgs/include/shape_msgs/Plane.h, /root/catkin_ws/devel/include/shape_msgs/Plane.h)
Linked: (/root/catkin_ws/devel/.private/shape_msgs/include/shape_msgs/Mesh.h, /root/catkin_ws/devel/include/shape_msgs/Mesh.h)
Linked: (/root/catkin_ws/devel/.private/shape_msgs/lib/python2.7/dist-packages/shape_msgs/__init__.py, /root/catkin_ws/devel/lib/python2.7/dist-packages/shape_msgs/__init__.py)
Linked: (/root/catkin_ws/devel/.private/shape_msgs/lib/python2.7/dist-packages/shape_msgs/msg/__init__.py, /root/catkin_ws/devel/lib/python2.7/dist-packages/shape_msgs/msg/__init__.py)
Linked: (/root/catkin_ws/devel/.private/shape_msgs/lib/python2.7/dist-packages/shape_msgs/msg/_Mesh.py, /root/catkin_ws/devel/lib/python2.7/dist-packages/shape_msgs/msg/_Mesh.py)
Linked: (/root/catkin_ws/devel/.private/shape_msgs/lib/python2.7/dist-packages/shape_msgs/msg/_SolidPrimitive.py, /root/catkin_ws/devel/lib/python2.7/dist-packages/shape_msgs/msg/_SolidPrimitive.py)
Linked: (/root/catkin_ws/devel/.private/shape_msgs/lib/python2.7/dist-packages/shape_msgs/msg/_MeshTriangle.py, /root/catkin_ws/devel/lib/python2.7/dist-packages/shape_msgs/msg/_MeshTriangle.py)
Linked: (/root/catkin_ws/devel/.private/shape_msgs/lib/python2.7/dist-packages/shape_msgs/msg/_Plane.py, /root/catkin_ws/devel/lib/python2.7/dist-packages/shape_msgs/msg/_Plane.py)
Linked: (/root/catkin_ws/devel/.private/shape_msgs/lib/pkgconfig/shape_msgs.pc, /root/catkin_ws/devel/lib/pkgconfig/shape_msgs.pc)
