Determining if the pthread_create exist failed with the following output:
Change Dir: /root/catkin_ws/build/temperature_sensor/CMakeFiles/CMakeTmp

Run Build Command:"/usr/bin/make" "cmTC_ff7ae/fast"
/usr/bin/make -f CMakeFiles/cmTC_ff7ae.dir/build.make CMakeFiles/cmTC_ff7ae.dir/build
make[1]: Entering directory '/root/catkin_ws/build/temperature_sensor/CMakeFiles/CMakeTmp'
Building C object CMakeFiles/cmTC_ff7ae.dir/CheckSymbolExists.c.o
/usr/bin/cc     -o CMakeFiles/cmTC_ff7ae.dir/CheckSymbolExists.c.o   -c /root/catkin_ws/build/temperature_sensor/CMakeFiles/CMakeTmp/CheckSymbolExists.c
Linking C executable cmTC_ff7ae
/usr/bin/cmake -E cmake_link_script CMakeFiles/cmTC_ff7ae.dir/link.txt --verbose=1
/usr/bin/cc       CMakeFiles/cmTC_ff7ae.dir/CheckSymbolExists.c.o  -o cmTC_ff7ae -rdynamic 
CMakeFiles/cmTC_ff7ae.dir/CheckSymbolExists.c.o: In function `main':
CheckSymbolExists.c:(.text+0x16): undefined reference to `pthread_create'
collect2: error: ld returned 1 exit status
CMakeFiles/cmTC_ff7ae.dir/build.make:97: recipe for target 'cmTC_ff7ae' failed
make[1]: *** [cmTC_ff7ae] Error 1
make[1]: Leaving directory '/root/catkin_ws/build/temperature_sensor/CMakeFiles/CMakeTmp'
Makefile:126: recipe for target 'cmTC_ff7ae/fast' failed
make: *** [cmTC_ff7ae/fast] Error 2

File /root/catkin_ws/build/temperature_sensor/CMakeFiles/CMakeTmp/CheckSymbolExists.c:
/* */
#include <pthread.h>

int main(int argc, char** argv)
{
  (void)argv;
#ifndef pthread_create
  return ((int*)(&pthread_create))[argc];
#else
  (void)argc;
  return 0;
#endif
}

Determining if the function pthread_create exists in the pthreads failed with the following output:
Change Dir: /root/catkin_ws/build/temperature_sensor/CMakeFiles/CMakeTmp

Run Build Command:"/usr/bin/make" "cmTC_b27a2/fast"
/usr/bin/make -f CMakeFiles/cmTC_b27a2.dir/build.make CMakeFiles/cmTC_b27a2.dir/build
make[1]: Entering directory '/root/catkin_ws/build/temperature_sensor/CMakeFiles/CMakeTmp'
Building C object CMakeFiles/cmTC_b27a2.dir/CheckFunctionExists.c.o
/usr/bin/cc    -DCHECK_FUNCTION_EXISTS=pthread_create   -o CMakeFiles/cmTC_b27a2.dir/CheckFunctionExists.c.o   -c /usr/share/cmake-3.5/Modules/CheckFunctionExists.c
Linking C executable cmTC_b27a2
/usr/bin/cmake -E cmake_link_script CMakeFiles/cmTC_b27a2.dir/link.txt --verbose=1
/usr/bin/cc   -DCHECK_FUNCTION_EXISTS=pthread_create    CMakeFiles/cmTC_b27a2.dir/CheckFunctionExists.c.o  -o cmTC_b27a2 -rdynamic -lpthreads 
/usr/bin/ld: cannot find -lpthreads
collect2: error: ld returned 1 exit status
CMakeFiles/cmTC_b27a2.dir/build.make:97: recipe for target 'cmTC_b27a2' failed
make[1]: *** [cmTC_b27a2] Error 1
make[1]: Leaving directory '/root/catkin_ws/build/temperature_sensor/CMakeFiles/CMakeTmp'
Makefile:126: recipe for target 'cmTC_b27a2/fast' failed
make: *** [cmTC_b27a2/fast] Error 2


