Determining if the pthread_create exist failed with the following output:
Change Dir: /root/catkin_ws/build/beginner_tutorials/CMakeFiles/CMakeTmp

Run Build Command:"/usr/bin/make" "cmTC_46d17/fast"
/usr/bin/make -f CMakeFiles/cmTC_46d17.dir/build.make CMakeFiles/cmTC_46d17.dir/build
make[1]: Entering directory '/root/catkin_ws/build/beginner_tutorials/CMakeFiles/CMakeTmp'
Building C object CMakeFiles/cmTC_46d17.dir/CheckSymbolExists.c.o
/usr/bin/cc     -o CMakeFiles/cmTC_46d17.dir/CheckSymbolExists.c.o   -c /root/catkin_ws/build/beginner_tutorials/CMakeFiles/CMakeTmp/CheckSymbolExists.c
Linking C executable cmTC_46d17
/usr/bin/cmake -E cmake_link_script CMakeFiles/cmTC_46d17.dir/link.txt --verbose=1
/usr/bin/cc       CMakeFiles/cmTC_46d17.dir/CheckSymbolExists.c.o  -o cmTC_46d17 -rdynamic 
CMakeFiles/cmTC_46d17.dir/CheckSymbolExists.c.o: In function `main':
CheckSymbolExists.c:(.text+0x16): undefined reference to `pthread_create'
collect2: error: ld returned 1 exit status
CMakeFiles/cmTC_46d17.dir/build.make:97: recipe for target 'cmTC_46d17' failed
make[1]: *** [cmTC_46d17] Error 1
make[1]: Leaving directory '/root/catkin_ws/build/beginner_tutorials/CMakeFiles/CMakeTmp'
Makefile:126: recipe for target 'cmTC_46d17/fast' failed
make: *** [cmTC_46d17/fast] Error 2

File /root/catkin_ws/build/beginner_tutorials/CMakeFiles/CMakeTmp/CheckSymbolExists.c:
/* */
#include <pthread.h>

int main(int argc, char** argv)
{
  (void)argv;
#ifndef pthread_create
  return ((int*)(&pthread_create))[argc];
#else
  (void)argc;
  return 0;
#endif
}

Determining if the function pthread_create exists in the pthreads failed with the following output:
Change Dir: /root/catkin_ws/build/beginner_tutorials/CMakeFiles/CMakeTmp

Run Build Command:"/usr/bin/make" "cmTC_7ae31/fast"
/usr/bin/make -f CMakeFiles/cmTC_7ae31.dir/build.make CMakeFiles/cmTC_7ae31.dir/build
make[1]: Entering directory '/root/catkin_ws/build/beginner_tutorials/CMakeFiles/CMakeTmp'
Building C object CMakeFiles/cmTC_7ae31.dir/CheckFunctionExists.c.o
/usr/bin/cc    -DCHECK_FUNCTION_EXISTS=pthread_create   -o CMakeFiles/cmTC_7ae31.dir/CheckFunctionExists.c.o   -c /usr/share/cmake-3.5/Modules/CheckFunctionExists.c
Linking C executable cmTC_7ae31
/usr/bin/cmake -E cmake_link_script CMakeFiles/cmTC_7ae31.dir/link.txt --verbose=1
/usr/bin/cc   -DCHECK_FUNCTION_EXISTS=pthread_create    CMakeFiles/cmTC_7ae31.dir/CheckFunctionExists.c.o  -o cmTC_7ae31 -rdynamic -lpthreads 
/usr/bin/ld: cannot find -lpthreads
collect2: error: ld returned 1 exit status
CMakeFiles/cmTC_7ae31.dir/build.make:97: recipe for target 'cmTC_7ae31' failed
make[1]: *** [cmTC_7ae31] Error 1
make[1]: Leaving directory '/root/catkin_ws/build/beginner_tutorials/CMakeFiles/CMakeTmp'
Makefile:126: recipe for target 'cmTC_7ae31/fast' failed
make: *** [cmTC_7ae31/fast] Error 2


