Linked: (/root/catkin_ws/devel/.private/visualization_msgs/share/roseus/ros/visualization_msgs/manifest.l, /root/catkin_ws/devel/share/roseus/ros/visualization_msgs/manifest.l)
Linked: (/root/catkin_ws/devel/.private/visualization_msgs/share/roseus/ros/visualization_msgs/msg/MenuEntry.l, /root/catkin_ws/devel/share/roseus/ros/visualization_msgs/msg/MenuEntry.l)
Linked: (/root/catkin_ws/devel/.private/visualization_msgs/share/roseus/ros/visualization_msgs/msg/InteractiveMarkerFeedback.l, /root/catkin_ws/devel/share/roseus/ros/visualization_msgs/msg/InteractiveMarkerFeedback.l)
Linked: (/root/catkin_ws/devel/.private/visualization_msgs/share/roseus/ros/visualization_msgs/msg/MarkerArray.l, /root/catkin_ws/devel/share/roseus/ros/visualization_msgs/msg/MarkerArray.l)
Linked: (/root/catkin_ws/devel/.private/visualization_msgs/share/roseus/ros/visualization_msgs/msg/InteractiveMarkerControl.l, /root/catkin_ws/devel/share/roseus/ros/visualization_msgs/msg/InteractiveMarkerControl.l)
Linked: (/root/catkin_ws/devel/.private/visualization_msgs/share/roseus/ros/visualization_msgs/msg/InteractiveMarkerUpdate.l, /root/catkin_ws/devel/share/roseus/ros/visualization_msgs/msg/InteractiveMarkerUpdate.l)
Linked: (/root/catkin_ws/devel/.private/visualization_msgs/share/roseus/ros/visualization_msgs/msg/InteractiveMarkerInit.l, /root/catkin_ws/devel/share/roseus/ros/visualization_msgs/msg/InteractiveMarkerInit.l)
Linked: (/root/catkin_ws/devel/.private/visualization_msgs/share/roseus/ros/visualization_msgs/msg/ImageMarker.l, /root/catkin_ws/devel/share/roseus/ros/visualization_msgs/msg/ImageMarker.l)
Linked: (/root/catkin_ws/devel/.private/visualization_msgs/share/roseus/ros/visualization_msgs/msg/InteractiveMarkerPose.l, /root/catkin_ws/devel/share/roseus/ros/visualization_msgs/msg/InteractiveMarkerPose.l)
Linked: (/root/catkin_ws/devel/.private/visualization_msgs/share/roseus/ros/visualization_msgs/msg/InteractiveMarker.l, /root/catkin_ws/devel/share/roseus/ros/visualization_msgs/msg/InteractiveMarker.l)
Linked: (/root/catkin_ws/devel/.private/visualization_msgs/share/roseus/ros/visualization_msgs/msg/Marker.l, /root/catkin_ws/devel/share/roseus/ros/visualization_msgs/msg/Marker.l)
Linked: (/root/catkin_ws/devel/.private/visualization_msgs/share/visualization_msgs/cmake/visualization_msgsConfig-version.cmake, /root/catkin_ws/devel/share/visualization_msgs/cmake/visualization_msgsConfig-version.cmake)
Linked: (/root/catkin_ws/devel/.private/visualization_msgs/share/visualization_msgs/cmake/visualization_msgs-msg-paths.cmake, /root/catkin_ws/devel/share/visualization_msgs/cmake/visualization_msgs-msg-paths.cmake)
Linked: (/root/catkin_ws/devel/.private/visualization_msgs/share/visualization_msgs/cmake/visualization_msgsConfig.cmake, /root/catkin_ws/devel/share/visualization_msgs/cmake/visualization_msgsConfig.cmake)
Linked: (/root/catkin_ws/devel/.private/visualization_msgs/share/visualization_msgs/cmake/visualization_msgs-msg-extras.cmake, /root/catkin_ws/devel/share/visualization_msgs/cmake/visualization_msgs-msg-extras.cmake)
Linked: (/root/catkin_ws/devel/.private/visualization_msgs/share/common-lisp/ros/visualization_msgs/msg/MenuEntry.lisp, /root/catkin_ws/devel/share/common-lisp/ros/visualization_msgs/msg/MenuEntry.lisp)
Linked: (/root/catkin_ws/devel/.private/visualization_msgs/share/common-lisp/ros/visualization_msgs/msg/InteractiveMarkerPose.lisp, /root/catkin_ws/devel/share/common-lisp/ros/visualization_msgs/msg/InteractiveMarkerPose.lisp)
Linked: (/root/catkin_ws/devel/.private/visualization_msgs/share/common-lisp/ros/visualization_msgs/msg/_package_MenuEntry.lisp, /root/catkin_ws/devel/share/common-lisp/ros/visualization_msgs/msg/_package_MenuEntry.lisp)
Linked: (/root/catkin_ws/devel/.private/visualization_msgs/share/common-lisp/ros/visualization_msgs/msg/ImageMarker.lisp, /root/catkin_ws/devel/share/common-lisp/ros/visualization_msgs/msg/ImageMarker.lisp)
Linked: (/root/catkin_ws/devel/.private/visualization_msgs/share/common-lisp/ros/visualization_msgs/msg/MarkerArray.lisp, /root/catkin_ws/devel/share/common-lisp/ros/visualization_msgs/msg/MarkerArray.lisp)
Linked: (/root/catkin_ws/devel/.private/visualization_msgs/share/common-lisp/ros/visualization_msgs/msg/visualization_msgs-msg.asd, /root/catkin_ws/devel/share/common-lisp/ros/visualization_msgs/msg/visualization_msgs-msg.asd)
Linked: (/root/catkin_ws/devel/.private/visualization_msgs/share/common-lisp/ros/visualization_msgs/msg/InteractiveMarkerUpdate.lisp, /root/catkin_ws/devel/share/common-lisp/ros/visualization_msgs/msg/InteractiveMarkerUpdate.lisp)
Linked: (/root/catkin_ws/devel/.private/visualization_msgs/share/common-lisp/ros/visualization_msgs/msg/_package_InteractiveMarkerInit.lisp, /root/catkin_ws/devel/share/common-lisp/ros/visualization_msgs/msg/_package_InteractiveMarkerInit.lisp)
Linked: (/root/catkin_ws/devel/.private/visualization_msgs/share/common-lisp/ros/visualization_msgs/msg/_package_InteractiveMarkerControl.lisp, /root/catkin_ws/devel/share/common-lisp/ros/visualization_msgs/msg/_package_InteractiveMarkerControl.lisp)
Linked: (/root/catkin_ws/devel/.private/visualization_msgs/share/common-lisp/ros/visualization_msgs/msg/InteractiveMarkerInit.lisp, /root/catkin_ws/devel/share/common-lisp/ros/visualization_msgs/msg/InteractiveMarkerInit.lisp)
Linked: (/root/catkin_ws/devel/.private/visualization_msgs/share/common-lisp/ros/visualization_msgs/msg/InteractiveMarkerControl.lisp, /root/catkin_ws/devel/share/common-lisp/ros/visualization_msgs/msg/InteractiveMarkerControl.lisp)
Linked: (/root/catkin_ws/devel/.private/visualization_msgs/share/common-lisp/ros/visualization_msgs/msg/_package_InteractiveMarkerFeedback.lisp, /root/catkin_ws/devel/share/common-lisp/ros/visualization_msgs/msg/_package_InteractiveMarkerFeedback.lisp)
Linked: (/root/catkin_ws/devel/.private/visualization_msgs/share/common-lisp/ros/visualization_msgs/msg/_package_InteractiveMarker.lisp, /root/catkin_ws/devel/share/common-lisp/ros/visualization_msgs/msg/_package_InteractiveMarker.lisp)
Linked: (/root/catkin_ws/devel/.private/visualization_msgs/share/common-lisp/ros/visualization_msgs/msg/_package_InteractiveMarkerPose.lisp, /root/catkin_ws/devel/share/common-lisp/ros/visualization_msgs/msg/_package_InteractiveMarkerPose.lisp)
Linked: (/root/catkin_ws/devel/.private/visualization_msgs/share/common-lisp/ros/visualization_msgs/msg/_package_ImageMarker.lisp, /root/catkin_ws/devel/share/common-lisp/ros/visualization_msgs/msg/_package_ImageMarker.lisp)
Linked: (/root/catkin_ws/devel/.private/visualization_msgs/share/common-lisp/ros/visualization_msgs/msg/_package_InteractiveMarkerUpdate.lisp, /root/catkin_ws/devel/share/common-lisp/ros/visualization_msgs/msg/_package_InteractiveMarkerUpdate.lisp)
Linked: (/root/catkin_ws/devel/.private/visualization_msgs/share/common-lisp/ros/visualization_msgs/msg/Marker.lisp, /root/catkin_ws/devel/share/common-lisp/ros/visualization_msgs/msg/Marker.lisp)
Linked: (/root/catkin_ws/devel/.private/visualization_msgs/share/common-lisp/ros/visualization_msgs/msg/InteractiveMarker.lisp, /root/catkin_ws/devel/share/common-lisp/ros/visualization_msgs/msg/InteractiveMarker.lisp)
Linked: (/root/catkin_ws/devel/.private/visualization_msgs/share/common-lisp/ros/visualization_msgs/msg/_package.lisp, /root/catkin_ws/devel/share/common-lisp/ros/visualization_msgs/msg/_package.lisp)
Linked: (/root/catkin_ws/devel/.private/visualization_msgs/share/common-lisp/ros/visualization_msgs/msg/InteractiveMarkerFeedback.lisp, /root/catkin_ws/devel/share/common-lisp/ros/visualization_msgs/msg/InteractiveMarkerFeedback.lisp)
Linked: (/root/catkin_ws/devel/.private/visualization_msgs/share/common-lisp/ros/visualization_msgs/msg/_package_MarkerArray.lisp, /root/catkin_ws/devel/share/common-lisp/ros/visualization_msgs/msg/_package_MarkerArray.lisp)
Linked: (/root/catkin_ws/devel/.private/visualization_msgs/share/common-lisp/ros/visualization_msgs/msg/_package_Marker.lisp, /root/catkin_ws/devel/share/common-lisp/ros/visualization_msgs/msg/_package_Marker.lisp)
Linked: (/root/catkin_ws/devel/.private/visualization_msgs/share/gennodejs/ros/visualization_msgs/_index.js, /root/catkin_ws/devel/share/gennodejs/ros/visualization_msgs/_index.js)
Linked: (/root/catkin_ws/devel/.private/visualization_msgs/share/gennodejs/ros/visualization_msgs/msg/InteractiveMarkerFeedback.js, /root/catkin_ws/devel/share/gennodejs/ros/visualization_msgs/msg/InteractiveMarkerFeedback.js)
Linked: (/root/catkin_ws/devel/.private/visualization_msgs/share/gennodejs/ros/visualization_msgs/msg/InteractiveMarkerUpdate.js, /root/catkin_ws/devel/share/gennodejs/ros/visualization_msgs/msg/InteractiveMarkerUpdate.js)
Linked: (/root/catkin_ws/devel/.private/visualization_msgs/share/gennodejs/ros/visualization_msgs/msg/InteractiveMarker.js, /root/catkin_ws/devel/share/gennodejs/ros/visualization_msgs/msg/InteractiveMarker.js)
Linked: (/root/catkin_ws/devel/.private/visualization_msgs/share/gennodejs/ros/visualization_msgs/msg/Marker.js, /root/catkin_ws/devel/share/gennodejs/ros/visualization_msgs/msg/Marker.js)
Linked: (/root/catkin_ws/devel/.private/visualization_msgs/share/gennodejs/ros/visualization_msgs/msg/InteractiveMarkerControl.js, /root/catkin_ws/devel/share/gennodejs/ros/visualization_msgs/msg/InteractiveMarkerControl.js)
Linked: (/root/catkin_ws/devel/.private/visualization_msgs/share/gennodejs/ros/visualization_msgs/msg/InteractiveMarkerInit.js, /root/catkin_ws/devel/share/gennodejs/ros/visualization_msgs/msg/InteractiveMarkerInit.js)
Linked: (/root/catkin_ws/devel/.private/visualization_msgs/share/gennodejs/ros/visualization_msgs/msg/MenuEntry.js, /root/catkin_ws/devel/share/gennodejs/ros/visualization_msgs/msg/MenuEntry.js)
Linked: (/root/catkin_ws/devel/.private/visualization_msgs/share/gennodejs/ros/visualization_msgs/msg/MarkerArray.js, /root/catkin_ws/devel/share/gennodejs/ros/visualization_msgs/msg/MarkerArray.js)
Linked: (/root/catkin_ws/devel/.private/visualization_msgs/share/gennodejs/ros/visualization_msgs/msg/ImageMarker.js, /root/catkin_ws/devel/share/gennodejs/ros/visualization_msgs/msg/ImageMarker.js)
Linked: (/root/catkin_ws/devel/.private/visualization_msgs/share/gennodejs/ros/visualization_msgs/msg/_index.js, /root/catkin_ws/devel/share/gennodejs/ros/visualization_msgs/msg/_index.js)
Linked: (/root/catkin_ws/devel/.private/visualization_msgs/share/gennodejs/ros/visualization_msgs/msg/InteractiveMarkerPose.js, /root/catkin_ws/devel/share/gennodejs/ros/visualization_msgs/msg/InteractiveMarkerPose.js)
Linked: (/root/catkin_ws/devel/.private/visualization_msgs/include/visualization_msgs/InteractiveMarkerUpdate.h, /root/catkin_ws/devel/include/visualization_msgs/InteractiveMarkerUpdate.h)
Linked: (/root/catkin_ws/devel/.private/visualization_msgs/include/visualization_msgs/MenuEntry.h, /root/catkin_ws/devel/include/visualization_msgs/MenuEntry.h)
Linked: (/root/catkin_ws/devel/.private/visualization_msgs/include/visualization_msgs/InteractiveMarkerPose.h, /root/catkin_ws/devel/include/visualization_msgs/InteractiveMarkerPose.h)
Linked: (/root/catkin_ws/devel/.private/visualization_msgs/include/visualization_msgs/ImageMarker.h, /root/catkin_ws/devel/include/visualization_msgs/ImageMarker.h)
Linked: (/root/catkin_ws/devel/.private/visualization_msgs/include/visualization_msgs/MarkerArray.h, /root/catkin_ws/devel/include/visualization_msgs/MarkerArray.h)
Linked: (/root/catkin_ws/devel/.private/visualization_msgs/include/visualization_msgs/InteractiveMarkerInit.h, /root/catkin_ws/devel/include/visualization_msgs/InteractiveMarkerInit.h)
Linked: (/root/catkin_ws/devel/.private/visualization_msgs/include/visualization_msgs/InteractiveMarkerFeedback.h, /root/catkin_ws/devel/include/visualization_msgs/InteractiveMarkerFeedback.h)
Linked: (/root/catkin_ws/devel/.private/visualization_msgs/include/visualization_msgs/InteractiveMarker.h, /root/catkin_ws/devel/include/visualization_msgs/InteractiveMarker.h)
Linked: (/root/catkin_ws/devel/.private/visualization_msgs/include/visualization_msgs/InteractiveMarkerControl.h, /root/catkin_ws/devel/include/visualization_msgs/InteractiveMarkerControl.h)
Linked: (/root/catkin_ws/devel/.private/visualization_msgs/include/visualization_msgs/Marker.h, /root/catkin_ws/devel/include/visualization_msgs/Marker.h)
Linked: (/root/catkin_ws/devel/.private/visualization_msgs/lib/python2.7/dist-packages/visualization_msgs/__init__.py, /root/catkin_ws/devel/lib/python2.7/dist-packages/visualization_msgs/__init__.py)
Linked: (/root/catkin_ws/devel/.private/visualization_msgs/lib/python2.7/dist-packages/visualization_msgs/msg/__init__.py, /root/catkin_ws/devel/lib/python2.7/dist-packages/visualization_msgs/msg/__init__.py)
Linked: (/root/catkin_ws/devel/.private/visualization_msgs/lib/python2.7/dist-packages/visualization_msgs/msg/_InteractiveMarker.py, /root/catkin_ws/devel/lib/python2.7/dist-packages/visualization_msgs/msg/_InteractiveMarker.py)
Linked: (/root/catkin_ws/devel/.private/visualization_msgs/lib/python2.7/dist-packages/visualization_msgs/msg/_InteractiveMarkerControl.py, /root/catkin_ws/devel/lib/python2.7/dist-packages/visualization_msgs/msg/_InteractiveMarkerControl.py)
Linked: (/root/catkin_ws/devel/.private/visualization_msgs/lib/python2.7/dist-packages/visualization_msgs/msg/_Marker.py, /root/catkin_ws/devel/lib/python2.7/dist-packages/visualization_msgs/msg/_Marker.py)
Linked: (/root/catkin_ws/devel/.private/visualization_msgs/lib/python2.7/dist-packages/visualization_msgs/msg/_InteractiveMarkerPose.py, /root/catkin_ws/devel/lib/python2.7/dist-packages/visualization_msgs/msg/_InteractiveMarkerPose.py)
Linked: (/root/catkin_ws/devel/.private/visualization_msgs/lib/python2.7/dist-packages/visualization_msgs/msg/_MarkerArray.py, /root/catkin_ws/devel/lib/python2.7/dist-packages/visualization_msgs/msg/_MarkerArray.py)
Linked: (/root/catkin_ws/devel/.private/visualization_msgs/lib/python2.7/dist-packages/visualization_msgs/msg/_InteractiveMarkerFeedback.py, /root/catkin_ws/devel/lib/python2.7/dist-packages/visualization_msgs/msg/_InteractiveMarkerFeedback.py)
Linked: (/root/catkin_ws/devel/.private/visualization_msgs/lib/python2.7/dist-packages/visualization_msgs/msg/_ImageMarker.py, /root/catkin_ws/devel/lib/python2.7/dist-packages/visualization_msgs/msg/_ImageMarker.py)
Linked: (/root/catkin_ws/devel/.private/visualization_msgs/lib/python2.7/dist-packages/visualization_msgs/msg/_InteractiveMarkerUpdate.py, /root/catkin_ws/devel/lib/python2.7/dist-packages/visualization_msgs/msg/_InteractiveMarkerUpdate.py)
Linked: (/root/catkin_ws/devel/.private/visualization_msgs/lib/python2.7/dist-packages/visualization_msgs/msg/_MenuEntry.py, /root/catkin_ws/devel/lib/python2.7/dist-packages/visualization_msgs/msg/_MenuEntry.py)
Linked: (/root/catkin_ws/devel/.private/visualization_msgs/lib/python2.7/dist-packages/visualization_msgs/msg/_InteractiveMarkerInit.py, /root/catkin_ws/devel/lib/python2.7/dist-packages/visualization_msgs/msg/_InteractiveMarkerInit.py)
Linked: (/root/catkin_ws/devel/.private/visualization_msgs/lib/pkgconfig/visualization_msgs.pc, /root/catkin_ws/devel/lib/pkgconfig/visualization_msgs.pc)
